[2024-09-12T23:01:34Z] Started EB User Data
+ SLEEP_TIME=2
+ SLEEP_TIME_MAX=3600
+ true
+ curl https://elasticbeanstalk-platform-assets-us-east-2.s3.us-east-2.amazonaws.com/stalks/eb_python38_amazon_linux_2_1.0.4336.0_20240814212109/lib/UserDataScript.sh
  % Total    % Received % Xferd  Average Speed   Time    Time     Time  Current
                                 Dload  Upload   Total   Spent    Left  Speed
  0     0    0     0    0     0      0      0 --:--:-- --:--:-- --:--:--     0100  4627  100  4627    0     0   157k      0 --:--:-- --:--:-- --:--:--  161k
+ RESULT=0
+ [[ 0 -ne 0 ]]
+ /bin/bash /tmp/ebbootstrap.sh 'https://cloudformation-waitcondition-us-east-2.s3.us-east-2.amazonaws.com/arn%3Aaws%3Acloudformation%3Aus-east-2%3A640168434762%3Astack/awseb-e-fctz69y3dw-stack/dc790a10-715a-11ef-80f8-06f2c0784769/dc7a69a0-715a-11ef-80f8-06f2c0784769/AWSEBInstanceLaunchWaitHandle?X-Amz-Algorithm=AWS4-HMAC-SHA256&X-Amz-Date=20240912T230056Z&X-Amz-SignedHeaders=host&X-Amz-Expires=86399&X-Amz-Credential=AKIAVRFIPK6PEIG2DZWK%2F20240912%2Fus-east-2%2Fs3%2Faws4_request&X-Amz-Signature=dcf03790cc98bf27361d09c82981ba2002165cdfa107bc53090f59c309195a6c' arn:aws:cloudformation:us-east-2:640168434762:stack/awseb-e-fctz69y3dw-stack/dc790a10-715a-11ef-80f8-06f2c0784769 8878a467-2724-4350-8cf7-4ddc53862abb https://elasticbeanstalk-health.us-east-2.amazonaws.com '' https://elasticbeanstalk-platform-assets-us-east-2.s3.us-east-2.amazonaws.com/stalks/eb_python38_amazon_linux_2_1.0.4336.0_20240814212109 us-east-2
[2024-09-12T23:01:34.141Z] Started EB Bootstrapping Script.
[2024-09-12T23:01:34.145Z] Received parameters:
 TARBALLS = 
 EB_GEMS = 
 SIGNAL_URL = https://cloudformation-waitcondition-us-east-2.s3.us-east-2.amazonaws.com/arn%3Aaws%3Acloudformation%3Aus-east-2%3A640168434762%3Astack/awseb-e-fctz69y3dw-stack/dc790a10-715a-11ef-80f8-06f2c0784769/dc7a69a0-715a-11ef-80f8-06f2c0784769/AWSEBInstanceLaunchWaitHandle?X-Amz-Algorithm=AWS4-HMAC-SHA256&X-Amz-Date=20240912T230056Z&X-Amz-SignedHeaders=host&X-Amz-Expires=86399&X-Amz-Credential=AKIAVRFIPK6PEIG2DZWK%2F20240912%2Fus-east-2%2Fs3%2Faws4_request&X-Amz-Signature=dcf03790cc98bf27361d09c82981ba2002165cdfa107bc53090f59c309195a6c
 STACK_ID = arn:aws:cloudformation:us-east-2:640168434762:stack/awseb-e-fctz69y3dw-stack/dc790a10-715a-11ef-80f8-06f2c0784769
 REGION = us-east-2
 GUID = 
 HEALTHD_GROUP_ID = 8878a467-2724-4350-8cf7-4ddc53862abb
 HEALTHD_ENDPOINT = https://elasticbeanstalk-health.us-east-2.amazonaws.com
 PROXY_SERVER = 
 HEALTHD_PROXY_LOG_LOCATION = 
 PLATFORM_ASSETS_URL = https://elasticbeanstalk-platform-assets-us-east-2.s3.us-east-2.amazonaws.com/stalks/eb_python38_amazon_linux_2_1.0.4336.0_20240814212109
[2024-09-12T23:01:34.168Z] engine url is set to https://elasticbeanstalk-platform-assets-us-east-2.s3.us-east-2.amazonaws.com/stalks/eb_python38_amazon_linux_2_1.0.4336.0_20240814212109/lib/platform-engine.zip
[2024-09-12T23:01:34.173Z] first init of instance.
[2024-09-12T23:01:34.175Z] Started executing cfn_init _OnInstanceBoot.
[2024-09-12T23:01:34.185Z] Running cfn-init ConfigSet: _OnInstanceBoot.
[2024-09-12T23:01:34.191Z] Using stack-id from userdata
[2024-09-12T23:01:35.190Z] Command Returned: 
[2024-09-12T23:01:35.192Z] Completed executing cfn_init.
[2024-09-12T23:01:35.201Z] finished _OnInstanceBoot
--2024-09-12 23:01:35--  https://elasticbeanstalk-platform-assets-us-east-2.s3.us-east-2.amazonaws.com/stalks/eb_python38_amazon_linux_2_1.0.4336.0_20240814212109/lib/platform-engine.zip
Resolving elasticbeanstalk-platform-assets-us-east-2.s3.us-east-2.amazonaws.com (elasticbeanstalk-platform-assets-us-east-2.s3.us-east-2.amazonaws.com)... 3.5.133.165, 16.12.65.82, 52.219.109.138, ...
Connecting to elasticbeanstalk-platform-assets-us-east-2.s3.us-east-2.amazonaws.com (elasticbeanstalk-platform-assets-us-east-2.s3.us-east-2.amazonaws.com)|3.5.133.165|:443... connected.
HTTP request sent, awaiting response... 200 OK
Length: 26698153 (25M) [application/zip]
Saving to: ‘/tmp/platform-engine.zip’

     0K .......... .......... .......... .......... ..........  0% 8.20M 3s
    50K .......... .......... .......... .......... ..........  0% 20.1M 2s
   100K .......... .......... .......... .......... ..........  0% 24.1M 2s
   150K .......... .......... .......... .......... ..........  0% 26.7M 2s
   200K .......... .......... .......... .......... ..........  0% 24.9M 1s
   250K .......... .......... .......... .......... ..........  1% 5.66M 2s
   300K .......... .......... .......... .......... ..........  1% 10.7M 2s
   350K .......... .......... .......... .......... ..........  1% 12.1M 2s
   400K .......... .......... .......... .......... ..........  1% 13.3M 2s
   450K .......... .......... .......... .......... ..........  1% 30.0M 2s
   500K .......... .......... .......... .......... ..........  2% 24.8M 2s
   550K .......... .......... .......... .......... ..........  2% 24.0M 2s
   600K .......... .......... .......... .......... ..........  2% 25.6M 2s
   650K .......... .......... .......... .......... ..........  2% 52.6M 2s
   700K .......... .......... .......... .......... ..........  2% 71.8M 1s
   750K .......... .......... .......... .......... ..........  3% 76.4M 1s
   800K .......... .......... .......... .......... ..........  3% 66.0M 1s
   850K .......... .......... .......... .......... ..........  3% 87.7M 1s
   900K .......... .......... .......... .......... ..........  3% 2.67M 2s
   950K .......... .......... .......... .......... ..........  3% 12.5M 2s
  1000K .......... .......... .......... .......... ..........  4% 25.6M 2s
  1050K .......... .......... .......... .......... ..........  4% 30.5M 2s
  1100K .......... .......... .......... .......... ..........  4% 28.1M 2s
  1150K .......... .......... .......... .......... ..........  4% 28.0M 2s
  1200K .......... .......... .......... .......... ..........  4% 11.0M 2s
  1250K .......... .......... .......... .......... ..........  4% 30.4M 2s
  1300K .......... .......... .......... .......... ..........  5% 31.5M 2s
  1350K .......... .......... .......... .......... ..........  5%  301M 1s
  1400K .......... .......... .......... .......... ..........  5%  363M 1s
  1450K .......... .......... .......... .......... ..........  5%  178M 1s
  1500K .......... .......... .......... .......... ..........  5% 7.96M 1s
  1550K .......... .......... .......... .......... ..........  6% 29.1M 1s
  1600K .......... .......... .......... .......... ..........  6% 31.4M 1s
  1650K .......... .......... .......... .......... ..........  6% 29.6M 1s
  1700K .......... .......... .......... .......... ..........  6% 28.2M 1s
  1750K .......... .......... .......... .......... ..........  6% 31.7M 1s
  1800K .......... .......... .......... .......... ..........  7% 84.3M 1s
  1850K .......... .......... .......... .......... ..........  7% 16.8M 1s
  1900K .......... .......... .......... .......... ..........  7% 29.6M 1s
  1950K .......... .......... .......... .......... ..........  7% 27.1M 1s
  2000K .......... .......... .......... .......... ..........  7%  235M 1s
  2050K .......... .......... .......... .......... ..........  8% 18.5M 1s
  2100K .......... .......... .......... .......... ..........  8%  139M 1s
  2150K .......... .......... .......... .......... ..........  8%  344M 1s
  2200K .......... .......... .......... .......... ..........  8%  261M 1s
  2250K .......... .......... .......... .......... ..........  8%  355M 1s
  2300K .......... .......... .......... .......... ..........  9%  168M 1s
  2350K .......... .......... .......... .......... ..........  9% 96.6M 1s
  2400K .......... .......... .......... .......... ..........  9%  295M 1s
  2450K .......... .......... .......... .......... ..........  9%  224M 1s
  2500K .......... .......... .......... .......... ..........  9%  227M 1s
  2550K .......... .......... .......... .......... ..........  9%  308M 1s
  2600K .......... .......... .......... .......... .......... 10%  355M 1s
  2650K .......... .......... .......... .......... .......... 10%  271M 1s
  2700K .......... .......... .......... .......... .......... 10% 96.1M 1s
  2750K .......... .......... .......... .......... .......... 10%  323M 1s
  2800K .......... .......... .......... .......... .......... 10%  344M 1s
  2850K .......... .......... .......... .......... .......... 11%  210M 1s
  2900K .......... .......... .......... .......... .......... 11%  235M 1s
  2950K .......... .......... .......... .......... .......... 11%  333M 1s
  3000K .......... .......... .......... .......... .......... 11%  351M 1s
  3050K .......... .......... .......... .......... .......... 11%  314M 1s
  3100K .......... .......... .......... .......... .......... 12%  360M 1s
  3150K .......... .......... .......... .......... .......... 12%  335M 1s
  3200K .......... .......... .......... .......... .......... 12%  383M 1s
  3250K .......... .......... .......... .......... .......... 12%  235M 1s
  3300K .......... .......... .......... .......... .......... 12%  195M 1s
  3350K .......... .......... .......... .......... .......... 13%  324M 1s
  3400K .......... .......... .......... .......... .......... 13%  327M 1s
  3450K .......... .......... .......... .......... .......... 13%  372M 1s
  3500K .......... .......... .......... .......... .......... 13%  283M 1s
  3550K .......... .......... .......... .......... .......... 13%  244M 1s
  3600K .......... .......... .......... .......... .......... 13%  307M 1s
  3650K .......... .......... .......... .......... .......... 14%  295M 1s
  3700K .......... .......... .......... .......... .......... 14%  157M 1s
  3750K .......... .......... .......... .......... .......... 14%  351M 1s
  3800K .......... .......... .......... .......... .......... 14%  294M 1s
  3850K .......... .......... .......... .......... .......... 14%  423M 1s
  3900K .......... .......... .......... .......... .......... 15%  297M 1s
  3950K .......... .......... .......... .......... .......... 15%  309M 1s
  4000K .......... .......... .......... .......... .......... 15%  318M 1s
  4050K .......... .......... .......... .......... .......... 15%  367M 1s
  4100K .......... .......... .......... .......... .......... 15%  158M 1s
  4150K .......... .......... .......... .......... .......... 16%  126M 1s
  4200K .......... .......... .......... .......... .......... 16%  123M 1s
  4250K .......... .......... .......... .......... .......... 16% 18.8M 1s
  4300K .......... .......... .......... .......... .......... 16% 54.6M 1s
  4350K .......... .......... .......... .......... .......... 16% 49.8M 1s
  4400K .......... .......... .......... .......... .......... 17% 69.2M 1s
  4450K .......... .......... .......... .......... .......... 17% 79.9M 1s
  4500K .......... .......... .......... .......... .......... 17% 71.6M 1s
  4550K .......... .......... .......... .......... .......... 17% 23.0M 1s
  4600K .......... .......... .......... .......... .......... 17% 76.4M 1s
  4650K .......... .......... .......... .......... .......... 18% 81.5M 1s
  4700K .......... .......... .......... .......... .......... 18% 61.1M 1s
  4750K .......... .......... .......... .......... .......... 18% 67.1M 1s
  4800K .......... .......... .......... .......... .......... 18% 68.3M 1s
  4850K .......... .......... .......... .......... .......... 18% 71.8M 1s
  4900K .......... .......... .......... .......... .......... 18% 53.1M 1s
  4950K .......... .......... .......... .......... .......... 19% 39.2M 1s
  5000K .......... .......... .......... .......... .......... 19% 67.7M 1s
  5050K .......... .......... .......... .......... .......... 19% 49.8M 1s
  5100K .......... .......... .......... .......... .......... 19% 78.8M 1s
  5150K .......... .......... .......... .......... .......... 19% 53.2M 1s
  5200K .......... .......... .......... .......... .......... 20% 33.4M 1s
  5250K .......... .......... .......... .......... .......... 20% 56.0M 1s
  5300K .......... .......... .......... .......... .......... 20% 87.2M 1s
  5350K .......... .......... .......... .......... .......... 20% 67.4M 1s
  5400K .......... .......... .......... .......... .......... 20% 79.9M 1s
  5450K .......... .......... .......... .......... .......... 21% 72.9M 1s
  5500K .......... .......... .......... .......... .......... 21% 77.6M 1s
  5550K .......... .......... .......... .......... .......... 21% 83.2M 1s
  5600K .......... .......... .......... .......... .......... 21% 60.3M 1s
  5650K .......... .......... .......... .......... .......... 21% 38.2M 1s
  5700K .......... .......... .......... .......... .......... 22% 58.2M 1s
  5750K .......... .......... .......... .......... .......... 22% 73.9M 1s
  5800K .......... .......... .......... .......... .......... 22% 22.5M 1s
  5850K .......... .......... .......... .......... .......... 22% 47.3M 1s
  5900K .......... .......... .......... .......... .......... 22% 39.6M 1s
  5950K .......... .......... .......... .......... .......... 23% 33.0M 1s
  6000K .......... .......... .......... .......... .......... 23% 69.3M 0s
  6050K .......... .......... .......... .......... .......... 23% 48.2M 0s
  6100K .......... .......... .......... .......... .......... 23% 70.1M 0s
  6150K .......... .......... .......... .......... .......... 23% 65.9M 0s
  6200K .......... .......... .......... .......... .......... 23% 79.4M 0s
  6250K .......... .......... .......... .......... .......... 24% 60.2M 0s
  6300K .......... .......... .......... .......... .......... 24% 58.8M 0s
  6350K .......... .......... .......... .......... .......... 24% 67.4M 0s
  6400K .......... .......... .......... .......... .......... 24% 57.5M 0s
  6450K .......... .......... .......... .......... .......... 24% 9.62M 0s
  6500K .......... .......... .......... .......... .......... 25% 42.6M 0s
  6550K .......... .......... .......... .......... .......... 25% 39.7M 0s
  6600K .......... .......... .......... .......... .......... 25% 81.3M 0s
  6650K .......... .......... .......... .......... .......... 25% 49.5M 0s
  6700K .......... .......... .......... .......... .......... 25% 17.6M 0s
  6750K .......... .......... .......... .......... .......... 26% 51.3M 0s
  6800K .......... .......... .......... .......... .......... 26% 34.7M 0s
  6850K .......... .......... .......... .......... .......... 26% 55.4M 0s
  6900K .......... .......... .......... .......... .......... 26% 52.0M 0s
  6950K .......... .......... .......... .......... .......... 26% 51.9M 0s
  7000K .......... .......... .......... .......... .......... 27% 30.7M 0s
  7050K .......... .......... .......... .......... .......... 27% 31.3M 0s
  7100K .......... .......... .......... .......... .......... 27% 37.7M 0s
  7150K .......... .......... .......... .......... .......... 27% 40.1M 0s
  7200K .......... .......... .......... .......... .......... 27% 76.3M 0s
  7250K .......... .......... .......... .......... .......... 27% 60.2M 0s
  7300K .......... .......... .......... .......... .......... 28% 30.1M 0s
  7350K .......... .......... .......... .......... .......... 28% 56.7M 0s
  7400K .......... .......... .......... .......... .......... 28% 35.8M 0s
  7450K .......... .......... .......... .......... .......... 28% 31.5M 0s
  7500K .......... .......... .......... .......... .......... 28% 73.4M 0s
  7550K .......... .......... .......... .......... .......... 29% 34.7M 0s
  7600K .......... .......... .......... .......... .......... 29% 44.6M 0s
  7650K .......... .......... .......... .......... .......... 29% 72.0M 0s
  7700K .......... .......... .......... .......... .......... 29% 62.8M 0s
  7750K .......... .......... .......... .......... .......... 29% 54.7M 0s
  7800K .......... .......... .......... .......... .......... 30% 63.9M 0s
  7850K .......... .......... .......... .......... .......... 30% 80.8M 0s
  7900K .......... .......... .......... .......... .......... 30% 64.8M 0s
  7950K .......... .......... .......... .......... .......... 30% 72.5M 0s
  8000K .......... .......... .......... .......... .......... 30% 37.1M 0s
  8050K .......... .......... .......... .......... .......... 31% 70.6M 0s
  8100K .......... .......... .......... .......... .......... 31% 82.7M 0s
  8150K .......... .......... .......... .......... .......... 31% 74.8M 0s
  8200K .......... .......... .......... .......... .......... 31% 82.7M 0s
  8250K .......... .......... .......... .......... .......... 31% 72.9M 0s
  8300K .......... .......... .......... .......... .......... 32% 65.0M 0s
  8350K .......... .......... .......... .......... .......... 32% 72.0M 0s
  8400K .......... .......... .......... .......... .......... 32% 74.7M 0s
  8450K .......... .......... .......... .......... .......... 32% 82.4M 0s
  8500K .......... .......... .......... .......... .......... 32% 81.9M 0s
  8550K .......... .......... .......... .......... .......... 32% 80.5M 0s
  8600K .......... .......... .......... .......... .......... 33% 65.3M 0s
  8650K .......... .......... .......... .......... .......... 33% 69.4M 0s
  8700K .......... .......... .......... .......... .......... 33% 85.0M 0s
  8750K .......... .......... .......... .......... .......... 33% 49.8M 0s
  8800K .......... .......... .......... .......... .......... 33% 79.2M 0s
  8850K .......... .......... .......... .......... .......... 34% 59.9M 0s
  8900K .......... .......... .......... .......... .......... 34% 84.7M 0s
  8950K .......... .......... .......... .......... .......... 34% 84.5M 0s
  9000K .......... .......... .......... .......... .......... 34% 52.5M 0s
  9050K .......... .......... .......... .......... .......... 34% 76.7M 0s
  9100K .......... .......... .......... .......... .......... 35% 85.0M 0s
  9150K .......... .......... .......... .......... .......... 35% 69.8M 0s
  9200K .......... .......... .......... .......... .......... 35% 76.0M 0s
  9250K .......... .......... .......... .......... .......... 35% 87.0M 0s
  9300K .......... .......... .......... .......... .......... 35% 69.0M 0s
  9350K .......... .......... .......... .......... .......... 36% 90.5M 0s
  9400K .......... .......... .......... .......... .......... 36% 74.8M 0s
  9450K .......... .......... .......... .......... .......... 36% 60.9M 0s
  9500K .......... .......... .......... .......... .......... 36% 78.8M 0s
  9550K .......... .......... .......... .......... .......... 36% 50.2M 0s
  9600K .......... .......... .......... .......... .......... 37% 38.9M 0s
  9650K .......... .......... .......... .......... .......... 37% 38.9M 0s
  9700K .......... .......... .......... .......... .......... 37% 46.1M 0s
  9750K .......... .......... .......... .......... .......... 37% 68.8M 0s
  9800K .......... .......... .......... .......... .......... 37% 55.4M 0s
  9850K .......... .......... .......... .......... .......... 37% 67.7M 0s
  9900K .......... .......... .......... .......... .......... 38% 61.8M 0s
  9950K .......... .......... .......... .......... .......... 38% 72.9M 0s
 10000K .......... .......... .......... .......... .......... 38% 64.4M 0s
 10050K .......... .......... .......... .......... .......... 38% 49.5M 0s
 10100K .......... .......... .......... .......... .......... 38% 34.5M 0s
 10150K .......... .......... .......... .......... .......... 39% 73.1M 0s
 10200K .......... .......... .......... .......... .......... 39% 98.7M 0s
 10250K .......... .......... .......... .......... .......... 39% 78.6M 0s
 10300K .......... .......... .......... .......... .......... 39% 71.8M 0s
 10350K .......... .......... .......... .......... .......... 39% 88.6M 0s
 10400K .......... .......... .......... .......... .......... 40% 52.2M 0s
 10450K .......... .......... .......... .......... .......... 40% 59.6M 0s
 10500K .......... .......... .......... .......... .......... 40% 72.6M 0s
 10550K .......... .......... .......... .......... .......... 40% 77.8M 0s
 10600K .......... .......... .......... .......... .......... 40% 62.5M 0s
 10650K .......... .......... .......... .......... .......... 41% 68.5M 0s
 10700K .......... .......... .......... .......... .......... 41% 65.7M 0s
 10750K .......... .......... .......... .......... .......... 41% 61.3M 0s
 10800K .......... .......... .......... .......... .......... 41% 71.1M 0s
 10850K .......... .......... .......... .......... .......... 41% 71.0M 0s
 10900K .......... .......... .......... .......... .......... 41% 72.5M 0s
 10950K .......... .......... .......... .......... .......... 42% 60.3M 0s
 11000K .......... .......... .......... .......... .......... 42% 59.5M 0s
 11050K .......... .......... .......... .......... .......... 42% 89.0M 0s
 11100K .......... .......... .......... .......... .......... 42% 68.6M 0s
 11150K .......... .......... .......... .......... .......... 42% 63.9M 0s
 11200K .......... .......... .......... .......... .......... 43% 69.9M 0s
 11250K .......... .......... .......... .......... .......... 43% 64.6M 0s
 11300K .......... .......... .......... .......... .......... 43% 75.0M 0s
 11350K .......... .......... .......... .......... .......... 43% 55.7M 0s
 11400K .......... .......... .......... .......... .......... 43% 69.3M 0s
 11450K .......... .......... .......... .......... .......... 44% 52.0M 0s
 11500K .......... .......... .......... .......... .......... 44% 74.2M 0s
 11550K .......... .......... .......... .......... .......... 44% 46.8M 0s
 11600K .......... .......... .......... .......... .......... 44% 62.1M 0s
 11650K .......... .......... .......... .......... .......... 44% 64.3M 0s
 11700K .......... .......... .......... .......... .......... 45% 63.6M 0s
 11750K .......... .......... .......... .......... .......... 45% 70.1M 0s
 11800K .......... .......... .......... .......... .......... 45% 79.7M 0s
 11850K .......... .......... .......... .......... .......... 45% 67.2M 0s
 11900K .......... .......... .......... .......... .......... 45% 87.2M 0s
 11950K .......... .......... .......... .......... .......... 46% 71.7M 0s
 12000K .......... .......... .......... .......... .......... 46% 69.2M 0s
 12050K .......... .......... .......... .......... .......... 46% 66.1M 0s
 12100K .......... .......... .......... .......... .......... 46% 80.4M 0s
 12150K .......... .......... .......... .......... .......... 46% 63.6M 0s
 12200K .......... .......... .......... .......... .......... 46% 67.2M 0s
 12250K .......... .......... .......... .......... .......... 47% 70.0M 0s
 12300K .......... .......... .......... .......... .......... 47% 82.0M 0s
 12350K .......... .......... .......... .......... .......... 47% 65.1M 0s
 12400K .......... .......... .......... .......... .......... 47% 74.3M 0s
 12450K .......... .......... .......... .......... .......... 47% 86.5M 0s
 12500K .......... .......... .......... .......... .......... 48% 64.1M 0s
 12550K .......... .......... .......... .......... .......... 48% 86.0M 0s
 12600K .......... .......... .......... .......... .......... 48% 79.6M 0s
 12650K .......... .......... .......... .......... .......... 48% 66.2M 0s
 12700K .......... .......... .......... .......... .......... 48% 66.5M 0s
 12750K .......... .......... .......... .......... .......... 49% 17.9M 0s
 12800K .......... .......... .......... .......... .......... 49% 47.5M 0s
 12850K .......... .......... .......... .......... .......... 49% 66.3M 0s
 12900K .......... .......... .......... .......... .......... 49% 61.5M 0s
 12950K .......... .......... .......... .......... .......... 49% 86.9M 0s
 13000K .......... .......... .......... .......... .......... 50% 64.7M 0s
 13050K .......... .......... .......... .......... .......... 50% 62.1M 0s
 13100K .......... .......... .......... .......... .......... 50% 66.1M 0s
 13150K .......... .......... .......... .......... .......... 50% 44.7M 0s
 13200K .......... .......... .......... .......... .......... 50% 82.3M 0s
 13250K .......... .......... .......... .......... .......... 51% 87.1M 0s
 13300K .......... .......... .......... .......... .......... 51% 66.9M 0s
 13350K .......... .......... .......... .......... .......... 51% 77.8M 0s
 13400K .......... .......... .......... .......... .......... 51% 74.9M 0s
 13450K .......... .......... .......... .......... .......... 51% 79.4M 0s
 13500K .......... .......... .......... .......... .......... 51% 55.8M 0s
 13550K .......... .......... .......... .......... .......... 52% 85.1M 0s
 13600K .......... .......... .......... .......... .......... 52% 87.9M 0s
 13650K .......... .......... .......... .......... .......... 52% 51.3M 0s
 13700K .......... .......... .......... .......... .......... 52% 77.4M 0s
 13750K .......... .......... .......... .......... .......... 52% 77.4M 0s
 13800K .......... .......... .......... .......... .......... 53% 63.1M 0s
 13850K .......... .......... .......... .......... .......... 53% 85.5M 0s
 13900K .......... .......... .......... .......... .......... 53% 73.3M 0s
 13950K .......... .......... .......... .......... .......... 53% 68.1M 0s
 14000K .......... .......... .......... .......... .......... 53% 88.2M 0s
 14050K .......... .......... .......... .......... .......... 54% 72.1M 0s
 14100K .......... .......... .......... .......... .......... 54% 79.0M 0s
 14150K .......... .......... .......... .......... .......... 54% 62.6M 0s
 14200K .......... .......... .......... .......... .......... 54% 70.9M 0s
 14250K .......... .......... .......... .......... .......... 54% 64.0M 0s
 14300K .......... .......... .......... .......... .......... 55% 79.8M 0s
 14350K .......... .......... .......... .......... .......... 55% 72.0M 0s
 14400K .......... .......... .......... .......... .......... 55% 85.6M 0s
 14450K .......... .......... .......... .......... .......... 55% 69.9M 0s
 14500K .......... .......... .......... .......... .......... 55% 64.6M 0s
 14550K .......... .......... .......... .......... .......... 55% 44.2M 0s
 14600K .......... .......... .......... .......... .......... 56% 57.1M 0s
 14650K .......... .......... .......... .......... .......... 56% 68.2M 0s
 14700K .......... .......... .......... .......... .......... 56% 73.8M 0s
 14750K .......... .......... .......... .......... .......... 56% 59.9M 0s
 14800K .......... .......... .......... .......... .......... 56% 75.5M 0s
 14850K .......... .......... .......... .......... .......... 57% 75.1M 0s
 14900K .......... .......... .......... .......... .......... 57% 85.1M 0s
 14950K .......... .......... .......... .......... .......... 57% 61.2M 0s
 15000K .......... .......... .......... .......... .......... 57% 72.5M 0s
 15050K .......... .......... .......... .......... .......... 57% 78.4M 0s
 15100K .......... .......... .......... .......... .......... 58% 63.9M 0s
 15150K .......... .......... .......... .......... .......... 58% 86.5M 0s
 15200K .......... .......... .......... .......... .......... 58% 61.9M 0s
 15250K .......... .......... .......... .......... .......... 58% 18.7M 0s
 15300K .......... .......... .......... .......... .......... 58% 90.4M 0s
 15350K .......... .......... .......... .......... .......... 59% 66.4M 0s
 15400K .......... .......... .......... .......... .......... 59% 78.9M 0s
 15450K .......... .......... .......... .......... .......... 59% 39.3M 0s
 15500K .......... .......... .......... .......... .......... 59% 37.0M 0s
 15550K .......... .......... .......... .......... .......... 59% 46.5M 0s
 15600K .......... .......... .......... .......... .......... 60% 31.9M 0s
 15650K .......... .......... .......... .......... .......... 60% 50.0M 0s
 15700K .......... .......... .......... .......... .......... 60% 54.6M 0s
 15750K .......... .......... .......... .......... .......... 60% 51.5M 0s
 15800K .......... .......... .......... .......... .......... 60% 40.5M 0s
 15850K .......... .......... .......... .......... .......... 60% 69.9M 0s
 15900K .......... .......... .......... .......... .......... 61% 83.8M 0s
 15950K .......... .......... .......... .......... .......... 61% 76.6M 0s
 16000K .......... .......... .......... .......... .......... 61% 50.1M 0s
 16050K .......... .......... .......... .......... .......... 61% 39.3M 0s
 16100K .......... .......... .......... .......... .......... 61% 48.4M 0s
 16150K .......... .......... .......... .......... .......... 62% 89.5M 0s
 16200K .......... .......... .......... .......... .......... 62% 47.2M 0s
 16250K .......... .......... .......... .......... .......... 62% 51.8M 0s
 16300K .......... .......... .......... .......... .......... 62% 65.4M 0s
 16350K .......... .......... .......... .......... .......... 62% 65.8M 0s
 16400K .......... .......... .......... .......... .......... 63% 57.7M 0s
 16450K .......... .......... .......... .......... .......... 63% 60.9M 0s
 16500K .......... .......... .......... .......... .......... 63% 34.7M 0s
 16550K .......... .......... .......... .......... .......... 63% 52.6M 0s
 16600K .......... .......... .......... .......... .......... 63% 30.0M 0s
 16650K .......... .......... .......... .......... .......... 64% 70.5M 0s
 16700K .......... .......... .......... .......... .......... 64% 63.1M 0s
 16750K .......... .......... .......... .......... .......... 64% 61.6M 0s
 16800K .......... .......... .......... .......... .......... 64% 55.3M 0s
 16850K .......... .......... .......... .......... .......... 64% 73.6M 0s
 16900K .......... .......... .......... .......... .......... 65% 64.0M 0s
 16950K .......... .......... .......... .......... .......... 65% 73.5M 0s
 17000K .......... .......... .......... .......... .......... 65% 85.1M 0s
 17050K .......... .......... .......... .......... .......... 65% 53.2M 0s
 17100K .......... .......... .......... .......... .......... 65% 66.6M 0s
 17150K .......... .......... .......... .......... .......... 65% 79.6M 0s
 17200K .......... .......... .......... .......... .......... 66% 61.3M 0s
 17250K .......... .......... .......... .......... .......... 66% 73.9M 0s
 17300K .......... .......... .......... .......... .......... 66% 79.1M 0s
 17350K .......... .......... .......... .......... .......... 66% 60.1M 0s
 17400K .......... .......... .......... .......... .......... 66% 87.7M 0s
 17450K .......... .......... .......... .......... .......... 67% 87.4M 0s
 17500K .......... .......... .......... .......... .......... 67% 82.8M 0s
 17550K .......... .......... .......... .......... .......... 67% 65.4M 0s
 17600K .......... .......... .......... .......... .......... 67% 8.72M 0s
 17650K .......... .......... .......... .......... .......... 67% 31.0M 0s
 17700K .......... .......... .......... .......... .......... 68% 9.52M 0s
 17750K .......... .......... .......... .......... .......... 68% 85.9M 0s
 17800K .......... .......... .......... .......... .......... 68% 7.99M 0s
 17850K .......... .......... .......... .......... .......... 68% 93.1M 0s
 17900K .......... .......... .......... .......... .......... 68% 73.2M 0s
 17950K .......... .......... .......... .......... .......... 69% 79.0M 0s
 18000K .......... .......... .......... .......... .......... 69% 63.6M 0s
 18050K .......... .......... .......... .......... .......... 69% 81.6M 0s
 18100K .......... .......... .......... .......... .......... 69% 74.5M 0s
 18150K .......... .......... .......... .......... .......... 69% 77.3M 0s
 18200K .......... .......... .......... .......... .......... 69% 69.8M 0s
 18250K .......... .......... .......... .......... .......... 70% 75.5M 0s
 18300K .......... .......... .......... .......... .......... 70% 92.4M 0s
 18350K .......... .......... .......... .......... .......... 70% 67.0M 0s
 18400K .......... .......... .......... .......... .......... 70% 77.0M 0s
 18450K .......... .......... .......... .......... .......... 70% 86.9M 0s
 18500K .......... .......... .......... .......... .......... 71% 75.7M 0s
 18550K .......... .......... .......... .......... .......... 71% 84.8M 0s
 18600K .......... .......... .......... .......... .......... 71% 86.2M 0s
 18650K .......... .......... .......... .......... .......... 71% 81.0M 0s
 18700K .......... .......... .......... .......... .......... 71% 91.5M 0s
 18750K .......... .......... .......... .......... .......... 72% 74.2M 0s
 18800K .......... .......... .......... .......... .......... 72% 79.7M 0s
 18850K .......... .......... .......... .......... .......... 72% 67.1M 0s
 18900K .......... .......... .......... .......... .......... 72% 65.8M 0s
 18950K .......... .......... .......... .......... .......... 72% 84.5M 0s
 19000K .......... .......... .......... .......... .......... 73% 65.8M 0s
 19050K .......... .......... .......... .......... .......... 73% 71.5M 0s
 19100K .......... .......... .......... .......... .......... 73% 88.7M 0s
 19150K .......... .......... .......... .......... .......... 73% 92.4M 0s
 19200K .......... .......... .......... .......... .......... 73% 73.5M 0s
 19250K .......... .......... .......... .......... .......... 74% 80.1M 0s
 19300K .......... .......... .......... .......... .......... 74% 75.6M 0s
 19350K .......... .......... .......... .......... .......... 74% 68.9M 0s
 19400K .......... .......... .......... .......... .......... 74% 62.6M 0s
 19450K .......... .......... .......... .......... .......... 74% 82.1M 0s
 19500K .......... .......... .......... .......... .......... 74% 62.1M 0s
 19550K .......... .......... .......... .......... .......... 75% 73.6M 0s
 19600K .......... .......... .......... .......... .......... 75% 84.4M 0s
 19650K .......... .......... .......... .......... .......... 75% 64.8M 0s
 19700K .......... .......... .......... .......... .......... 75% 84.3M 0s
 19750K .......... .......... .......... .......... .......... 75% 84.8M 0s
 19800K .......... .......... .......... .......... .......... 76% 77.0M 0s
 19850K .......... .......... .......... .......... .......... 76% 62.5M 0s
 19900K .......... .......... .......... .......... .......... 76% 73.4M 0s
 19950K .......... .......... .......... .......... .......... 76% 77.7M 0s
 20000K .......... .......... .......... .......... .......... 76% 87.8M 0s
 20050K .......... .......... .......... .......... .......... 77% 85.2M 0s
 20100K .......... .......... .......... .......... .......... 77% 69.5M 0s
 20150K .......... .......... .......... .......... .......... 77% 67.8M 0s
 20200K .......... .......... .......... .......... .......... 77% 89.8M 0s
 20250K .......... .......... .......... .......... .......... 77% 79.6M 0s
 20300K .......... .......... .......... .......... .......... 78% 87.4M 0s
 20350K .......... .......... .......... .......... .......... 78% 80.1M 0s
 20400K .......... .......... .......... .......... .......... 78%  101M 0s
 20450K .......... .......... .......... .......... .......... 78% 69.3M 0s
 20500K .......... .......... .......... .......... .......... 78% 83.1M 0s
 20550K .......... .......... .......... .......... .......... 79% 88.4M 0s
 20600K .......... .......... .......... .......... .......... 79% 88.9M 0s
 20650K .......... .......... .......... .......... .......... 79% 72.0M 0s
 20700K .......... .......... .......... .......... .......... 79% 86.5M 0s
 20750K .......... .......... .......... .......... .......... 79% 83.6M 0s
 20800K .......... .......... .......... .......... .......... 79% 80.7M 0s
 20850K .......... .......... .......... .......... .......... 80% 94.9M 0s
 20900K .......... .......... .......... .......... .......... 80% 85.8M 0s
 20950K .......... .......... .......... .......... .......... 80% 84.0M 0s
 21000K .......... .......... .......... .......... .......... 80% 79.6M 0s
 21050K .......... .......... .......... .......... .......... 80% 83.6M 0s
 21100K .......... .......... .......... .......... .......... 81% 85.0M 0s
 21150K .......... .......... .......... .......... .......... 81% 81.1M 0s
 21200K .......... .......... .......... .......... .......... 81% 88.2M 0s
 21250K .......... .......... .......... .......... .......... 81% 95.8M 0s
 21300K .......... .......... .......... .......... .......... 81% 70.4M 0s
 21350K .......... .......... .......... .......... .......... 82% 85.6M 0s
 21400K .......... .......... .......... .......... .......... 82% 84.4M 0s
 21450K .......... .......... .......... .......... .......... 82% 83.4M 0s
 21500K .......... .......... .......... .......... .......... 82% 64.4M 0s
 21550K .......... .......... .......... .......... .......... 82% 72.8M 0s
 21600K .......... .......... .......... .......... .......... 83% 75.1M 0s
 21650K .......... .......... .......... .......... .......... 83% 82.2M 0s
 21700K .......... .......... .......... .......... .......... 83% 94.6M 0s
 21750K .......... .......... .......... .......... .......... 83% 83.1M 0s
 21800K .......... .......... .......... .......... .......... 83% 81.0M 0s
 21850K .......... .......... .......... .......... .......... 83% 76.8M 0s
 21900K .......... .......... .......... .......... .......... 84% 84.8M 0s
 21950K .......... .......... .......... .......... .......... 84% 90.5M 0s
 22000K .......... .......... .......... .......... .......... 84% 86.3M 0s
 22050K .......... .......... .......... .......... .......... 84% 84.6M 0s
 22100K .......... .......... .......... .......... .......... 84% 84.8M 0s
 22150K .......... .......... .......... .......... .......... 85% 82.6M 0s
 22200K .......... .......... .......... .......... .......... 85% 68.1M 0s
 22250K .......... .......... .......... .......... .......... 85% 79.5M 0s
 22300K .......... .......... .......... .......... .......... 85% 86.6M 0s
 22350K .......... .......... .......... .......... .......... 85% 67.6M 0s
 22400K .......... .......... .......... .......... .......... 86% 73.5M 0s
 22450K .......... .......... .......... .......... .......... 86% 85.0M 0s
 22500K .......... .......... .......... .......... .......... 86% 79.2M 0s
 22550K .......... .......... .......... .......... .......... 86% 92.0M 0s
 22600K .......... .......... .......... .......... .......... 86% 83.0M 0s
 22650K .......... .......... .......... .......... .......... 87% 85.0M 0s
 22700K .......... .......... .......... .......... .......... 87% 85.6M 0s
 22750K .......... .......... .......... .......... .......... 87% 78.7M 0s
 22800K .......... .......... .......... .......... .......... 87% 87.2M 0s
 22850K .......... .......... .......... .......... .......... 87% 87.6M 0s
 22900K .......... .......... .......... .......... .......... 88% 64.7M 0s
 22950K .......... .......... .......... .......... .......... 88% 98.7M 0s
 23000K .......... .......... .......... .......... .......... 88% 68.5M 0s
 23050K .......... .......... .......... .......... .......... 88% 72.9M 0s
 23100K .......... .......... .......... .......... .......... 88% 65.0M 0s
 23150K .......... .......... .......... .......... .......... 88% 51.8M 0s
 23200K .......... .......... .......... .......... .......... 89% 56.4M 0s
 23250K .......... .......... .......... .......... .......... 89% 50.2M 0s
 23300K .......... .......... .......... .......... .......... 89% 60.2M 0s
 23350K .......... .......... .......... .......... .......... 89% 51.9M 0s
 23400K .......... .......... .......... .......... .......... 89% 85.0M 0s
 23450K .......... .......... .......... .......... .......... 90% 82.8M 0s
 23500K .......... .......... .......... .......... .......... 90% 73.2M 0s
 23550K .......... .......... .......... .......... .......... 90% 73.1M 0s
 23600K .......... .......... .......... .......... .......... 90% 77.1M 0s
 23650K .......... .......... .......... .......... .......... 90% 80.6M 0s
 23700K .......... .......... .......... .......... .......... 91% 87.1M 0s
 23750K .......... .......... .......... .......... .......... 91% 64.1M 0s
 23800K .......... .......... .......... .......... .......... 91% 90.8M 0s
 23850K .......... .......... .......... .......... .......... 91% 62.3M 0s
 23900K .......... .......... .......... .......... .......... 91% 85.9M 0s
 23950K .......... .......... .......... .......... .......... 92% 79.4M 0s
 24000K .......... .......... .......... .......... .......... 92% 79.3M 0s
 24050K .......... .......... .......... .......... .......... 92% 78.4M 0s
 24100K .......... .......... .......... .......... .......... 92% 81.1M 0s
 24150K .......... .......... .......... .......... .......... 92% 88.5M 0s
 24200K .......... .......... .......... .......... .......... 93% 90.6M 0s
 24250K .......... .......... .......... .......... .......... 93% 79.2M 0s
 24300K .......... .......... .......... .......... .......... 93% 70.9M 0s
 24350K .......... .......... .......... .......... .......... 93% 89.2M 0s
 24400K .......... .......... .......... .......... .......... 93% 82.4M 0s
 24450K .......... .......... .......... .......... .......... 93% 90.5M 0s
 24500K .......... .......... .......... .......... .......... 94% 88.6M 0s
 24550K .......... .......... .......... .......... .......... 94% 77.0M 0s
 24600K .......... .......... .......... .......... .......... 94% 77.2M 0s
 24650K .......... .......... .......... .......... .......... 94%  101M 0s
 24700K .......... .......... .......... .......... .......... 94% 71.8M 0s
 24750K .......... .......... .......... .......... .......... 95% 83.3M 0s
 24800K .......... .......... .......... .......... .......... 95% 65.0M 0s
 24850K .......... .......... .......... .......... .......... 95% 78.1M 0s
 24900K .......... .......... .......... .......... .......... 95% 87.9M 0s
 24950K .......... .......... .......... .......... .......... 95% 85.6M 0s
 25000K .......... .......... .......... .......... .......... 96% 73.5M 0s
 25050K .......... .......... .......... .......... .......... 96% 91.7M 0s
 25100K .......... .......... .......... .......... .......... 96% 99.6M 0s
 25150K .......... .......... .......... .......... .......... 96% 89.5M 0s
 25200K .......... .......... .......... .......... .......... 96% 72.5M 0s
 25250K .......... .......... .......... .......... .......... 97% 84.7M 0s
 25300K .......... .......... .......... .......... .......... 97% 23.9M 0s
 25350K .......... .......... .......... .......... .......... 97% 86.9M 0s
 25400K .......... .......... .......... .......... .......... 97% 82.0M 0s
 25450K .......... .......... .......... .......... .......... 97% 65.3M 0s
 25500K .......... .......... .......... .......... .......... 97% 98.7M 0s
 25550K .......... .......... .......... .......... .......... 98% 58.6M 0s
 25600K .......... .......... .......... .......... .......... 98% 84.2M 0s
 25650K .......... .......... .......... .......... .......... 98% 89.7M 0s
 25700K .......... .......... .......... .......... .......... 98% 74.8M 0s
 25750K .......... .......... .......... .......... .......... 98% 76.3M 0s
 25800K .......... .......... .......... .......... .......... 99% 76.5M 0s
 25850K .......... .......... .......... .......... .......... 99% 80.5M 0s
 25900K .......... .......... .......... .......... .......... 99% 93.9M 0s
 25950K .......... .......... .......... .......... .......... 99% 99.1M 0s
 26000K .......... .......... .......... .......... .......... 99% 87.9M 0s
 26050K .......... .......... ..                              100% 76.1M=0.5s

2024-09-12 23:01:35 (54.5 MB/s) - ‘/tmp/platform-engine.zip’ saved [26698153/26698153]

Archive:  /tmp/platform-engine.zip
  inflating: /opt/elasticbeanstalk/bin/platform-engine  
  inflating: /opt/elasticbeanstalk/bin/publishlogs  
  inflating: /opt/elasticbeanstalk/bin/get-config  
  inflating: /opt/elasticbeanstalk/bin/pkg-repo  
  inflating: /opt/elasticbeanstalk/config/private/aws-eb-command-handler.conf  
  inflating: /opt/elasticbeanstalk/config/private/cfn-hup-wrapper  
  inflating: /opt/elasticbeanstalk/config/private/cfn-hup.conf.template  
  inflating: /opt/elasticbeanstalk/config/private/containercommandsupport/container-defaults.sh  
  inflating: /opt/elasticbeanstalk/config/private/containercommandsupport/leader-test.sh  
  inflating: /opt/elasticbeanstalk/config/private/eb-banner.template  
  inflating: /opt/elasticbeanstalk/config/private/guidlocking/repo.py  
  inflating: /opt/elasticbeanstalk/config/private/healthd/config.yaml.template  
  inflating: /opt/elasticbeanstalk/config/private/healthd/healthd_httpd.conf  
  inflating: /opt/elasticbeanstalk/config/private/healthd/healthd_logformat.conf  
  inflating: /opt/elasticbeanstalk/config/private/healthd/healthd_nginx.conf  
  inflating: /opt/elasticbeanstalk/config/private/healthd/logcleanup-cron.template  
  inflating: /opt/elasticbeanstalk/config/private/healthd/healthddependency  
  inflating: /opt/elasticbeanstalk/config/private/httpd/applicationport.conf.template  
  inflating: /opt/elasticbeanstalk/config/private/httpd/gzip.conf  
  inflating: /opt/elasticbeanstalk/config/private/httpd/staticfilesmapping.conf.template  
  inflating: /opt/elasticbeanstalk/config/private/httpd/httpd.conf.template  
  inflating: /opt/elasticbeanstalk/config/private/logrotate/logrotate-cron.template  
  inflating: /opt/elasticbeanstalk/config/private/logrotate/logrotate.template  
  inflating: /opt/elasticbeanstalk/config/private/logtasks/cron/publishlogs  
  inflating: /opt/elasticbeanstalk/config/private/nginx/applicationport.conf.template  
  inflating: /opt/elasticbeanstalk/config/private/nginx/nginx.conf.template  
  inflating: /opt/elasticbeanstalk/config/private/nginx/staticfilesmapping.conf.template  
  inflating: /opt/elasticbeanstalk/config/private/python/sitecustomize.py  
 extracting: /opt/elasticbeanstalk/config/private/restartcfn.sh  
  inflating: /opt/elasticbeanstalk/config/private/restartcloudwatchagent.sh  
  inflating: /opt/elasticbeanstalk/config/private/rsyslog.conf.template  
  inflating: /opt/elasticbeanstalk/config/private/ruby_common_env  
  inflating: /opt/elasticbeanstalk/config/private/sqsd/default.yaml.template  
  inflating: /opt/elasticbeanstalk/config/private/sqsd/sqsdversion.json  
  inflating: /opt/elasticbeanstalk/config/private/systemd-append.template  
  inflating: /opt/elasticbeanstalk/config/private/aws-eb.target  
  inflating: /opt/elasticbeanstalk/config/private/systemd.template  
  inflating: /opt/elasticbeanstalk/tasks/bundlelogs.d/cfn-system.conf  
 extracting: /opt/elasticbeanstalk/tasks/bundlelogs.d/cloud-init-system.conf  
  inflating: /opt/elasticbeanstalk/tasks/bundlelogs.d/eb-app.conf  
 extracting: /opt/elasticbeanstalk/tasks/bundlelogs.d/eb-hooks.conf  
  inflating: /opt/elasticbeanstalk/tasks/bundlelogs.d/eb-system.conf  
 extracting: /opt/elasticbeanstalk/tasks/bundlelogs.d/rotate.conf  
  inflating: /opt/elasticbeanstalk/tasks/bundlelogs.d/system.conf  
 extracting: /opt/elasticbeanstalk/tasks/publishlogs.d/eb-app.conf  
  inflating: /opt/elasticbeanstalk/tasks/taillogs.d/eb-app.conf  
  inflating: /opt/elasticbeanstalk/tasks/taillogs.d/eb-engine.conf  
[2024-09-12T23:01:37.800Z] Successfully bootstrapped instance.
[2024-09-12T23:01:37.806Z] Sending signal 0 to CFN wait condition https://cloudformation-waitcondition-us-east-2.s3.us-east-2.amazonaws.com/arn%3Aaws%3Acloudformation%3Aus-east-2%3A640168434762%3Astack/awseb-e-fctz69y3dw-stack/dc790a10-715a-11ef-80f8-06f2c0784769/dc7a69a0-715a-11ef-80f8-06f2c0784769/AWSEBInstanceLaunchWaitHandle?X-Amz-Algorithm=AWS4-HMAC-SHA256&X-Amz-Date=20240912T230056Z&X-Amz-SignedHeaders=host&X-Amz-Expires=86399&X-Amz-Credential=AKIAVRFIPK6PEIG2DZWK%2F20240912%2Fus-east-2%2Fs3%2Faws4_request&X-Amz-Signature=dcf03790cc98bf27361d09c82981ba2002165cdfa107bc53090f59c309195a6c
CloudFormation signaled successfully with status SUCCESS
[2024-09-12T23:01:38.331Z] Tailing /var/log/eb-commandprocessor.log

******************* eb-commandprocessor taillog *******************
***eb-commandprocessor is not available yet.***
******************* End of taillog *******************


[2024-09-12T23:01:38.334Z] Tailing /var/log/eb-activity.log

******************* eb-activity taillog *******************
***eb-activity is not available yet.***
******************* End of taillog *******************


[2024-09-12T23:01:38.336Z] Tailing /var/log/eb-tools.log

******************* eb-tools taillog *******************
***eb-tools is not available yet.***
******************* End of taillog *******************


[2024-09-12T23:01:38.338Z] Tailing /var/log/eb-version-deployment.log

******************* eb-version-deployment taillog *******************
***eb-version-deployment is not available yet.***
******************* End of taillog *******************


[2024-09-12T23:01:38.340Z] Tailing /var/log/cfn-init.log

******************* cfn-init taillog *******************
2024-09-12 23:01:34,726 [INFO] -----------------------Starting build-----------------------
2024-09-12 23:01:34,744 [INFO] Running configSets: _OnInstanceBoot
2024-09-12 23:01:34,754 [INFO] Running configSet _OnInstanceBoot
2024-09-12 23:01:34,764 [INFO] Running config AWSEBBaseConfig
2024-09-12 23:01:35,113 [INFO] Command clearbackupfiles succeeded
2024-09-12 23:01:35,124 [INFO] Running config AWSEBCfnHupEndpointOverride
2024-09-12 23:01:35,135 [INFO] Command clearbackupfiles succeeded
2024-09-12 23:01:35,138 [INFO] ConfigSets completed
2024-09-12 23:01:35,139 [INFO] -----------------------Build complete-----------------------
******************* End of taillog *******************


[2024-09-12T23:01:38.344Z] Tailing /var/log/cfn-hup.log

******************* cfn-hup taillog *******************
2024-09-12 23:01:38,245 [DEBUG] CloudFormation client initialized with endpoint https://cloudformation.us-east-2.amazonaws.com
2024-09-12 23:01:38,245 [DEBUG] SQS client initialized with endpoint https://sqs.us-east-2.amazonaws.com
2024-09-12 23:01:38,245 [DEBUG] CloudFormation client initialized with endpoint https://cloudformation.us-east-2.amazonaws.com
2024-09-12 23:01:38,246 [DEBUG] Enabled single threading mode.
2024-09-12 23:01:38,246 [DEBUG] Creating /var/lib/cfn-hup/data
2024-09-12 23:01:38,254 [INFO] No umask value specified in config file. Using the default one: 0o22
******************* End of taillog *******************


[2024-09-12T23:01:38.347Z] Completed EB Bootstrapping Script.
+ RESULT=0
+ [[ 0 -ne 0 ]]
+ exit 0
