2024-09-12 21:55:15,452 [INFO] -----------------------Starting build-----------------------
2024-09-12 21:55:15,460 [INFO] Running configSets: _OnInstanceBoot
2024-09-12 21:55:15,463 [INFO] Running configSet _OnInstanceBoot
2024-09-12 21:55:15,466 [INFO] Running config AWSEBBaseConfig
2024-09-12 21:55:15,707 [INFO] Command clearbackupfiles succeeded
2024-09-12 21:55:15,713 [INFO] Running config AWSEBCfnHupEndpointOverride
2024-09-12 21:55:15,719 [INFO] Command clearbackupfiles succeeded
2024-09-12 21:55:15,720 [INFO] ConfigSets completed
2024-09-12 21:55:15,720 [INFO] -----------------------Build complete-----------------------
2024-09-12 21:57:28,542 [INFO] -----------------------Starting build-----------------------
2024-09-12 21:57:28,548 [INFO] Running configSets: Infra-EmbeddedPreBuild
2024-09-12 21:57:28,556 [INFO] Running configSet Infra-EmbeddedPreBuild
2024-09-12 21:57:28,558 [INFO] ConfigSets completed
2024-09-12 21:57:28,559 [INFO] -----------------------Build complete-----------------------
2024-09-12 21:59:34,598 [INFO] -----------------------Starting build-----------------------
2024-09-12 21:59:34,605 [INFO] Running configSets: Infra-EmbeddedPreBuild
2024-09-12 21:59:34,608 [INFO] Running configSet Infra-EmbeddedPreBuild
2024-09-12 21:59:34,609 [INFO] ConfigSets completed
2024-09-12 21:59:34,609 [INFO] -----------------------Build complete-----------------------
2024-09-12 22:45:55,499 [INFO] -----------------------Starting build-----------------------
2024-09-12 22:45:55,505 [INFO] Running configSets: Infra-EmbeddedPreBuild
2024-09-12 22:45:55,507 [INFO] Running configSet Infra-EmbeddedPreBuild
2024-09-12 22:45:55,508 [INFO] ConfigSets completed
2024-09-12 22:45:55,508 [INFO] -----------------------Build complete-----------------------
