2024-09-12 21:55:19,681 [DEBUG] CloudFormation client initialized with endpoint https://cloudformation.us-east-2.amazonaws.com
2024-09-12 21:55:19,683 [DEBUG] SQS client initialized with endpoint https://sqs.us-east-2.amazonaws.com
2024-09-12 21:55:19,683 [DEBUG] CloudFormation client initialized with endpoint https://cloudformation.us-east-2.amazonaws.com
2024-09-12 21:55:19,683 [DEBUG] Enabled single threading mode.
2024-09-12 21:55:19,683 [DEBUG] Creating /var/lib/cfn-hup/data
2024-09-12 21:55:19,700 [INFO] No umask value specified in config file. Using the default one: 0o22
2024-09-12 21:55:19,964 [INFO] Pid: 2522
2024-09-12 21:55:20,277 [INFO] Refreshing listener credentials
2024-09-12 21:55:20,353 [INFO] Scheduling next credential refresh in 1799.0 seconds
2024-09-12 21:57:23,895 [INFO] Received command ElasticBeanstalkCommand-AWSEBAutoScalingGroup (invocation id: ef48042f-53f8-4558-b7b9-b080be07d0f7)
2024-09-12 21:57:23,895 [INFO] Running action for aws-eb-command-handler
2024-09-12 21:57:41,529 [INFO] Action for aws-eb-command-handler succeeded, returning SUCCESS
2024-09-12 21:59:32,699 [INFO] Received command ElasticBeanstalkCommand-AWSEBAutoScalingGroup (invocation id: 919db02d-9165-4af4-822d-72bc57eea487)
2024-09-12 21:59:32,699 [INFO] Running action for aws-eb-command-handler
2024-09-12 21:59:37,314 [INFO] Action for aws-eb-command-handler succeeded, returning SUCCESS
2024-09-12 22:00:37,457 [INFO] command processing is alive.
2024-09-12 22:05:37,985 [INFO] command processing is alive.
2024-09-12 22:09:35,364 [INFO] Received command ElasticBeanstalkCommand-AWSEBAutoScalingGroup (invocation id: e54b1433-a4f9-4e9e-a9ef-81caba24a926)
2024-09-12 22:09:35,364 [INFO] Running action for aws-eb-command-handler
2024-09-12 22:09:38,887 [INFO] Action for aws-eb-command-handler succeeded, returning SUCCESS
2024-09-12 22:10:39,077 [INFO] command processing is alive.
2024-09-12 22:15:39,529 [INFO] command processing is alive.
2024-09-12 22:19:05,958 [INFO] Received command ElasticBeanstalkCommand-AWSEBAutoScalingGroup (invocation id: 24dabbe7-e28f-4194-81be-a8ea2ebb4164)
2024-09-12 22:19:05,958 [INFO] Running action for aws-eb-command-handler
2024-09-12 22:19:09,209 [INFO] Action for aws-eb-command-handler succeeded, returning SUCCESS
2024-09-12 22:20:49,417 [INFO] command processing is alive.
2024-09-12 22:25:19,354 [INFO] Refreshing listener credentials
2024-09-12 22:25:19,456 [INFO] Scheduling next credential refresh in 1799.0 seconds
2024-09-12 22:25:49,885 [INFO] command processing is alive.
2024-09-12 22:30:50,409 [INFO] command processing is alive.
2024-09-12 22:35:50,942 [INFO] command processing is alive.
2024-09-12 22:40:11,905 [INFO] Received command ElasticBeanstalkCommand-AWSEBAutoScalingGroup (invocation id: 96b33766-aa18-4fd8-a181-696463c576fe)
2024-09-12 22:40:11,905 [INFO] Running action for aws-eb-command-handler
2024-09-12 22:40:12,966 [INFO] Action for aws-eb-command-handler succeeded, returning SUCCESS
2024-09-12 22:40:53,124 [INFO] command processing is alive.
2024-09-12 22:45:53,560 [INFO] command processing is alive.
2024-09-12 22:45:53,815 [INFO] Received command ElasticBeanstalkCommand-AWSEBAutoScalingGroup (invocation id: ab587552-19c7-44a1-92df-836948dfbc4f)
2024-09-12 22:45:53,815 [INFO] Running action for aws-eb-command-handler
2024-09-12 22:45:57,646 [INFO] Action for aws-eb-command-handler succeeded, returning SUCCESS
2024-09-12 22:46:50,316 [INFO] Received command ElasticBeanstalkCommand-AWSEBAutoScalingGroup (invocation id: 27d52802-696b-4d6e-92a4-761ef8cd79d4)
2024-09-12 22:46:50,316 [INFO] Running action for aws-eb-command-handler
2024-09-12 22:46:51,383 [INFO] Action for aws-eb-command-handler succeeded, returning SUCCESS
2024-09-12 22:47:49,050 [INFO] Received command ElasticBeanstalkCommand-AWSEBAutoScalingGroup (invocation id: fbb8ace2-e67a-4091-bb0a-ed8b9e7f543d)
2024-09-12 22:47:49,050 [INFO] Running action for aws-eb-command-handler
