[2024-09-12T21:55:14Z] Started EB User Data
+ SLEEP_TIME=2
+ SLEEP_TIME_MAX=3600
+ true
+ curl https://elasticbeanstalk-platform-assets-us-east-2.s3.us-east-2.amazonaws.com/stalks/eb_python38_amazon_linux_2_1.0.4336.0_20240814212109/lib/UserDataScript.sh
  % Total    % Received % Xferd  Average Speed   Time    Time     Time  Current
                                 Dload  Upload   Total   Spent    Left  Speed
  0     0    0     0    0     0      0      0 --:--:-- --:--:-- --:--:--     0100  4627  100  4627    0     0  69832      0 --:--:-- --:--:-- --:--:-- 70106
+ RESULT=0
+ [[ 0 -ne 0 ]]
+ /bin/bash /tmp/ebbootstrap.sh 'https://cloudformation-waitcondition-us-east-2.s3.us-east-2.amazonaws.com/arn%3Aaws%3Acloudformation%3Aus-east-2%3A640168434762%3Astack/awseb-e-j8pht2gwki-stack/9695e3f0-7151-11ef-b46e-0a3e818036cb/969854f0-7151-11ef-b46e-0a3e818036cb/AWSEBInstanceLaunchWaitHandle?X-Amz-Algorithm=AWS4-HMAC-SHA256&X-Amz-Date=20240912T215433Z&X-Amz-SignedHeaders=host&X-Amz-Expires=86399&X-Amz-Credential=AKIAVRFIPK6PEIG2DZWK%2F20240912%2Fus-east-2%2Fs3%2Faws4_request&X-Amz-Signature=aa8b0d0f28003790b8b29b57a1f78dabdb56cb4f683fefdf4c003651417f05fa' arn:aws:cloudformation:us-east-2:640168434762:stack/awseb-e-j8pht2gwki-stack/9695e3f0-7151-11ef-b46e-0a3e818036cb a43b2ed2-d112-42ac-aee1-4f67ded3937f https://elasticbeanstalk-health.us-east-2.amazonaws.com '' https://elasticbeanstalk-platform-assets-us-east-2.s3.us-east-2.amazonaws.com/stalks/eb_python38_amazon_linux_2_1.0.4336.0_20240814212109 us-east-2
[2024-09-12T21:55:14.765Z] Started EB Bootstrapping Script.
[2024-09-12T21:55:14.768Z] Received parameters:
 TARBALLS = 
 EB_GEMS = 
 SIGNAL_URL = https://cloudformation-waitcondition-us-east-2.s3.us-east-2.amazonaws.com/arn%3Aaws%3Acloudformation%3Aus-east-2%3A640168434762%3Astack/awseb-e-j8pht2gwki-stack/9695e3f0-7151-11ef-b46e-0a3e818036cb/969854f0-7151-11ef-b46e-0a3e818036cb/AWSEBInstanceLaunchWaitHandle?X-Amz-Algorithm=AWS4-HMAC-SHA256&X-Amz-Date=20240912T215433Z&X-Amz-SignedHeaders=host&X-Amz-Expires=86399&X-Amz-Credential=AKIAVRFIPK6PEIG2DZWK%2F20240912%2Fus-east-2%2Fs3%2Faws4_request&X-Amz-Signature=aa8b0d0f28003790b8b29b57a1f78dabdb56cb4f683fefdf4c003651417f05fa
 STACK_ID = arn:aws:cloudformation:us-east-2:640168434762:stack/awseb-e-j8pht2gwki-stack/9695e3f0-7151-11ef-b46e-0a3e818036cb
 REGION = us-east-2
 GUID = 
 HEALTHD_GROUP_ID = a43b2ed2-d112-42ac-aee1-4f67ded3937f
 HEALTHD_ENDPOINT = https://elasticbeanstalk-health.us-east-2.amazonaws.com
 PROXY_SERVER = 
 HEALTHD_PROXY_LOG_LOCATION = 
 PLATFORM_ASSETS_URL = https://elasticbeanstalk-platform-assets-us-east-2.s3.us-east-2.amazonaws.com/stalks/eb_python38_amazon_linux_2_1.0.4336.0_20240814212109
[2024-09-12T21:55:14.775Z] engine url is set to https://elasticbeanstalk-platform-assets-us-east-2.s3.us-east-2.amazonaws.com/stalks/eb_python38_amazon_linux_2_1.0.4336.0_20240814212109/lib/platform-engine.zip
[2024-09-12T21:55:14.788Z] first init of instance.
[2024-09-12T21:55:14.798Z] Started executing cfn_init _OnInstanceBoot.
[2024-09-12T21:55:14.806Z] Running cfn-init ConfigSet: _OnInstanceBoot.
[2024-09-12T21:55:14.816Z] Using stack-id from userdata
[2024-09-12T21:55:15.757Z] Command Returned: 
[2024-09-12T21:55:15.760Z] Completed executing cfn_init.
[2024-09-12T21:55:15.762Z] finished _OnInstanceBoot
--2024-09-12 21:55:15--  https://elasticbeanstalk-platform-assets-us-east-2.s3.us-east-2.amazonaws.com/stalks/eb_python38_amazon_linux_2_1.0.4336.0_20240814212109/lib/platform-engine.zip
Resolving elasticbeanstalk-platform-assets-us-east-2.s3.us-east-2.amazonaws.com (elasticbeanstalk-platform-assets-us-east-2.s3.us-east-2.amazonaws.com)... 3.5.129.104, 3.5.131.124, 3.5.132.113, ...
Connecting to elasticbeanstalk-platform-assets-us-east-2.s3.us-east-2.amazonaws.com (elasticbeanstalk-platform-assets-us-east-2.s3.us-east-2.amazonaws.com)|3.5.129.104|:443... connected.
HTTP request sent, awaiting response... 200 OK
Length: 26698153 (25M) [application/zip]
Saving to: ‘/tmp/platform-engine.zip’

     0K .......... .......... .......... .......... ..........  0% 9.05M 3s
    50K .......... .......... .......... .......... ..........  0% 14.5M 2s
   100K .......... .......... .......... .......... ..........  0% 23.0M 2s
   150K .......... .......... .......... .......... ..........  0% 24.4M 2s
   200K .......... .......... .......... .......... ..........  0% 60.0M 1s
   250K .......... .......... .......... .......... ..........  1% 87.2M 1s
   300K .......... .......... .......... .......... ..........  1% 58.1M 1s
   350K .......... .......... .......... .......... ..........  1% 46.7M 1s
   400K .......... .......... .......... .......... ..........  1% 78.3M 1s
   450K .......... .......... .......... .......... ..........  1% 51.3M 1s
   500K .......... .......... .......... .......... ..........  2% 97.8M 1s
   550K .......... .......... .......... .......... ..........  2% 57.2M 1s
   600K .......... .......... .......... .......... ..........  2% 61.6M 1s
   650K .......... .......... .......... .......... ..........  2% 85.6M 1s
   700K .......... .......... .......... .......... ..........  2% 66.1M 1s
   750K .......... .......... .......... .......... ..........  3% 49.1M 1s
   800K .......... .......... .......... .......... ..........  3% 95.0M 1s
   850K .......... .......... .......... .......... ..........  3% 80.4M 1s
   900K .......... .......... .......... .......... ..........  3% 50.0M 1s
   950K .......... .......... .......... .......... ..........  3% 71.8M 1s
  1000K .......... .......... .......... .......... ..........  4% 82.4M 1s
  1050K .......... .......... .......... .......... ..........  4% 57.6M 1s
  1100K .......... .......... .......... .......... ..........  4%  104M 1s
  1150K .......... .......... .......... .......... ..........  4% 35.5M 1s
  1200K .......... .......... .......... .......... ..........  4% 71.7M 1s
  1250K .......... .......... .......... .......... ..........  4% 69.9M 1s
  1300K .......... .......... .......... .......... ..........  5% 92.2M 1s
  1350K .......... .......... .......... .......... ..........  5% 81.8M 1s
  1400K .......... .......... .......... .......... ..........  5% 55.8M 1s
  1450K .......... .......... .......... .......... ..........  5% 46.7M 1s
  1500K .......... .......... .......... .......... ..........  5% 26.7M 1s
  1550K .......... .......... .......... .......... ..........  6% 84.6M 1s
  1600K .......... .......... .......... .......... ..........  6% 83.2M 1s
  1650K .......... .......... .......... .......... ..........  6% 45.7M 1s
  1700K .......... .......... .......... .......... ..........  6% 62.7M 1s
  1750K .......... .......... .......... .......... ..........  6% 86.8M 1s
  1800K .......... .......... .......... .......... ..........  7% 48.3M 1s
  1850K .......... .......... .......... .......... ..........  7% 80.6M 1s
  1900K .......... .......... .......... .......... ..........  7% 75.1M 0s
  1950K .......... .......... .......... .......... ..........  7% 42.0M 0s
  2000K .......... .......... .......... .......... ..........  7% 63.9M 0s
  2050K .......... .......... .......... .......... ..........  8% 66.5M 0s
  2100K .......... .......... .......... .......... ..........  8% 46.6M 0s
  2150K .......... .......... .......... .......... ..........  8% 77.5M 0s
  2200K .......... .......... .......... .......... ..........  8% 20.4M 0s
  2250K .......... .......... .......... .......... ..........  8% 81.6M 0s
  2300K .......... .......... .......... .......... ..........  9% 77.0M 0s
  2350K .......... .......... .......... .......... ..........  9% 71.0M 0s
  2400K .......... .......... .......... .......... ..........  9% 67.3M 0s
  2450K .......... .......... .......... .......... ..........  9% 44.2M 0s
  2500K .......... .......... .......... .......... ..........  9% 71.2M 0s
  2550K .......... .......... .......... .......... ..........  9% 77.7M 0s
  2600K .......... .......... .......... .......... .......... 10% 84.2M 0s
  2650K .......... .......... .......... .......... .......... 10% 75.8M 0s
  2700K .......... .......... .......... .......... .......... 10% 55.6M 0s
  2750K .......... .......... .......... .......... .......... 10% 93.2M 0s
  2800K .......... .......... .......... .......... .......... 10% 80.4M 0s
  2850K .......... .......... .......... .......... .......... 11% 60.9M 0s
  2900K .......... .......... .......... .......... .......... 11% 79.0M 0s
  2950K .......... .......... .......... .......... .......... 11% 38.7M 0s
  3000K .......... .......... .......... .......... .......... 11% 56.6M 0s
  3050K .......... .......... .......... .......... .......... 11% 34.6M 0s
  3100K .......... .......... .......... .......... .......... 12% 89.6M 0s
  3150K .......... .......... .......... .......... .......... 12% 52.8M 0s
  3200K .......... .......... .......... .......... .......... 12% 95.7M 0s
  3250K .......... .......... .......... .......... .......... 12% 88.9M 0s
  3300K .......... .......... .......... .......... .......... 12% 77.7M 0s
  3350K .......... .......... .......... .......... .......... 13% 55.6M 0s
  3400K .......... .......... .......... .......... .......... 13% 90.0M 0s
  3450K .......... .......... .......... .......... .......... 13% 94.3M 0s
  3500K .......... .......... .......... .......... .......... 13% 47.9M 0s
  3550K .......... .......... .......... .......... .......... 13%  105M 0s
  3600K .......... .......... .......... .......... .......... 13% 77.8M 0s
  3650K .......... .......... .......... .......... .......... 14% 71.6M 0s
  3700K .......... .......... .......... .......... .......... 14% 48.1M 0s
  3750K .......... .......... .......... .......... .......... 14% 67.7M 0s
  3800K .......... .......... .......... .......... .......... 14% 61.2M 0s
  3850K .......... .......... .......... .......... .......... 14% 82.4M 0s
  3900K .......... .......... .......... .......... .......... 15% 66.7M 0s
  3950K .......... .......... .......... .......... .......... 15% 86.6M 0s
  4000K .......... .......... .......... .......... .......... 15% 43.2M 0s
  4050K .......... .......... .......... .......... .......... 15% 90.0M 0s
  4100K .......... .......... .......... .......... .......... 15% 89.9M 0s
  4150K .......... .......... .......... .......... .......... 16% 5.03M 0s
  4200K .......... .......... .......... .......... .......... 16% 30.1M 0s
  4250K .......... .......... .......... .......... .......... 16% 86.6M 0s
  4300K .......... .......... .......... .......... .......... 16% 73.3M 0s
  4350K .......... .......... .......... .......... .......... 16% 80.9M 0s
  4400K .......... .......... .......... .......... .......... 17% 79.8M 0s
  4450K .......... .......... .......... .......... .......... 17% 44.2M 0s
  4500K .......... .......... .......... .......... .......... 17% 69.9M 0s
  4550K .......... .......... .......... .......... .......... 17% 44.3M 0s
  4600K .......... .......... .......... .......... .......... 17% 47.0M 0s
  4650K .......... .......... .......... .......... .......... 18% 65.5M 0s
  4700K .......... .......... .......... .......... .......... 18% 46.3M 0s
  4750K .......... .......... .......... .......... .......... 18% 83.9M 0s
  4800K .......... .......... .......... .......... .......... 18% 87.0M 0s
  4850K .......... .......... .......... .......... .......... 18% 22.6M 0s
  4900K .......... .......... .......... .......... .......... 18% 98.7M 0s
  4950K .......... .......... .......... .......... .......... 19% 88.9M 0s
  5000K .......... .......... .......... .......... .......... 19% 45.9M 0s
  5050K .......... .......... .......... .......... .......... 19% 78.9M 0s
  5100K .......... .......... .......... .......... .......... 19% 42.8M 0s
  5150K .......... .......... .......... .......... .......... 19% 87.2M 0s
  5200K .......... .......... .......... .......... .......... 20% 87.2M 0s
  5250K .......... .......... .......... .......... .......... 20% 86.5M 0s
  5300K .......... .......... .......... .......... .......... 20% 91.2M 0s
  5350K .......... .......... .......... .......... .......... 20% 78.6M 0s
  5400K .......... .......... .......... .......... .......... 20% 41.9M 0s
  5450K .......... .......... .......... .......... .......... 21% 85.9M 0s
  5500K .......... .......... .......... .......... .......... 21% 97.9M 0s
  5550K .......... .......... .......... .......... .......... 21% 89.6M 0s
  5600K .......... .......... .......... .......... .......... 21% 41.1M 0s
  5650K .......... .......... .......... .......... .......... 21% 62.3M 0s
  5700K .......... .......... .......... .......... .......... 22% 80.2M 0s
  5750K .......... .......... .......... .......... .......... 22% 65.8M 0s
  5800K .......... .......... .......... .......... .......... 22% 74.7M 0s
  5850K .......... .......... .......... .......... .......... 22% 88.7M 0s
  5900K .......... .......... .......... .......... .......... 22% 77.6M 0s
  5950K .......... .......... .......... .......... .......... 23% 48.5M 0s
  6000K .......... .......... .......... .......... .......... 23% 80.1M 0s
  6050K .......... .......... .......... .......... .......... 23% 88.4M 0s
  6100K .......... .......... .......... .......... .......... 23% 67.8M 0s
  6150K .......... .......... .......... .......... .......... 23% 89.2M 0s
  6200K .......... .......... .......... .......... .......... 23% 30.2M 0s
  6250K .......... .......... .......... .......... .......... 24% 86.6M 0s
  6300K .......... .......... .......... .......... .......... 24% 89.4M 0s
  6350K .......... .......... .......... .......... .......... 24% 91.5M 0s
  6400K .......... .......... .......... .......... .......... 24% 69.4M 0s
  6450K .......... .......... .......... .......... .......... 24% 54.4M 0s
  6500K .......... .......... .......... .......... .......... 25% 45.5M 0s
  6550K .......... .......... .......... .......... .......... 25% 61.9M 0s
  6600K .......... .......... .......... .......... .......... 25% 27.5M 0s
  6650K .......... .......... .......... .......... .......... 25% 50.5M 0s
  6700K .......... .......... .......... .......... .......... 25% 62.7M 0s
  6750K .......... .......... .......... .......... .......... 26% 73.7M 0s
  6800K .......... .......... .......... .......... .......... 26% 80.3M 0s
  6850K .......... .......... .......... .......... .......... 26% 44.2M 0s
  6900K .......... .......... .......... .......... .......... 26% 37.0M 0s
  6950K .......... .......... .......... .......... .......... 26% 62.8M 0s
  7000K .......... .......... .......... .......... .......... 27% 56.4M 0s
  7050K .......... .......... .......... .......... .......... 27% 73.8M 0s
  7100K .......... .......... .......... .......... .......... 27% 50.2M 0s
  7150K .......... .......... .......... .......... .......... 27% 67.8M 0s
  7200K .......... .......... .......... .......... .......... 27% 71.2M 0s
  7250K .......... .......... .......... .......... .......... 27% 74.9M 0s
  7300K .......... .......... .......... .......... .......... 28% 76.8M 0s
  7350K .......... .......... .......... .......... .......... 28% 53.0M 0s
  7400K .......... .......... .......... .......... .......... 28% 74.5M 0s
  7450K .......... .......... .......... .......... .......... 28% 74.3M 0s
  7500K .......... .......... .......... .......... .......... 28% 73.1M 0s
  7550K .......... .......... .......... .......... .......... 29% 70.7M 0s
  7600K .......... .......... .......... .......... .......... 29% 63.3M 0s
  7650K .......... .......... .......... .......... .......... 29% 48.1M 0s
  7700K .......... .......... .......... .......... .......... 29% 51.2M 0s
  7750K .......... .......... .......... .......... .......... 29% 86.3M 0s
  7800K .......... .......... .......... .......... .......... 30% 91.1M 0s
  7850K .......... .......... .......... .......... .......... 30% 83.3M 0s
  7900K .......... .......... .......... .......... .......... 30% 71.3M 0s
  7950K .......... .......... .......... .......... .......... 30% 55.7M 0s
  8000K .......... .......... .......... .......... .......... 30% 88.0M 0s
  8050K .......... .......... .......... .......... .......... 31% 42.5M 0s
  8100K .......... .......... .......... .......... .......... 31% 49.6M 0s
  8150K .......... .......... .......... .......... .......... 31% 67.3M 0s
  8200K .......... .......... .......... .......... .......... 31% 55.2M 0s
  8250K .......... .......... .......... .......... .......... 31% 89.0M 0s
  8300K .......... .......... .......... .......... .......... 32% 76.6M 0s
  8350K .......... .......... .......... .......... .......... 32% 47.0M 0s
  8400K .......... .......... .......... .......... .......... 32% 69.9M 0s
  8450K .......... .......... .......... .......... .......... 32% 50.6M 0s
  8500K .......... .......... .......... .......... .......... 32% 78.7M 0s
  8550K .......... .......... .......... .......... .......... 32% 90.1M 0s
  8600K .......... .......... .......... .......... .......... 33% 51.6M 0s
  8650K .......... .......... .......... .......... .......... 33% 67.3M 0s
  8700K .......... .......... .......... .......... .......... 33% 42.2M 0s
  8750K .......... .......... .......... .......... .......... 33% 88.1M 0s
  8800K .......... .......... .......... .......... .......... 33% 43.5M 0s
  8850K .......... .......... .......... .......... .......... 34% 88.9M 0s
  8900K .......... .......... .......... .......... .......... 34% 71.3M 0s
  8950K .......... .......... .......... .......... .......... 34% 68.7M 0s
  9000K .......... .......... .......... .......... .......... 34% 65.5M 0s
  9050K .......... .......... .......... .......... .......... 34% 89.4M 0s
  9100K .......... .......... .......... .......... .......... 35% 39.1M 0s
  9150K .......... .......... .......... .......... .......... 35% 75.9M 0s
  9200K .......... .......... .......... .......... .......... 35% 88.9M 0s
  9250K .......... .......... .......... .......... .......... 35% 86.5M 0s
  9300K .......... .......... .......... .......... .......... 35% 80.3M 0s
  9350K .......... .......... .......... .......... .......... 36% 40.1M 0s
  9400K .......... .......... .......... .......... .......... 36% 89.5M 0s
  9450K .......... .......... .......... .......... .......... 36% 90.1M 0s
  9500K .......... .......... .......... .......... .......... 36% 69.3M 0s
  9550K .......... .......... .......... .......... .......... 36% 83.2M 0s
  9600K .......... .......... .......... .......... .......... 37% 89.2M 0s
  9650K .......... .......... .......... .......... .......... 37% 93.0M 0s
  9700K .......... .......... .......... .......... .......... 37% 45.8M 0s
  9750K .......... .......... .......... .......... .......... 37% 87.5M 0s
  9800K .......... .......... .......... .......... .......... 37% 78.9M 0s
  9850K .......... .......... .......... .......... .......... 37% 40.6M 0s
  9900K .......... .......... .......... .......... .......... 38% 77.0M 0s
  9950K .......... .......... .......... .......... .......... 38% 56.7M 0s
 10000K .......... .......... .......... .......... .......... 38% 88.3M 0s
 10050K .......... .......... .......... .......... .......... 38% 89.9M 0s
 10100K .......... .......... .......... .......... .......... 38% 51.4M 0s
 10150K .......... .......... .......... .......... .......... 39% 6.25M 0s
 10200K .......... .......... .......... .......... .......... 39% 45.7M 0s
 10250K .......... .......... .......... .......... .......... 39% 88.6M 0s
 10300K .......... .......... .......... .......... .......... 39% 29.5M 0s
 10350K .......... .......... .......... .......... .......... 39% 84.1M 0s
 10400K .......... .......... .......... .......... .......... 40% 47.0M 0s
 10450K .......... .......... .......... .......... .......... 40% 80.1M 0s
 10500K .......... .......... .......... .......... .......... 40% 79.3M 0s
 10550K .......... .......... .......... .......... .......... 40% 56.1M 0s
 10600K .......... .......... .......... .......... .......... 40% 89.0M 0s
 10650K .......... .......... .......... .......... .......... 41% 55.5M 0s
 10700K .......... .......... .......... .......... .......... 41% 14.3M 0s
 10750K .......... .......... .......... .......... .......... 41% 43.9M 0s
 10800K .......... .......... .......... .......... .......... 41% 85.4M 0s
 10850K .......... .......... .......... .......... .......... 41% 76.9M 0s
 10900K .......... .......... .......... .......... .......... 41% 66.1M 0s
 10950K .......... .......... .......... .......... .......... 42% 90.9M 0s
 11000K .......... .......... .......... .......... .......... 42% 85.4M 0s
 11050K .......... .......... .......... .......... .......... 42% 63.1M 0s
 11100K .......... .......... .......... .......... .......... 42% 78.6M 0s
 11150K .......... .......... .......... .......... .......... 42% 86.7M 0s
 11200K .......... .......... .......... .......... .......... 43% 69.1M 0s
 11250K .......... .......... .......... .......... .......... 43% 86.9M 0s
 11300K .......... .......... .......... .......... .......... 43% 75.7M 0s
 11350K .......... .......... .......... .......... .......... 43% 74.6M 0s
 11400K .......... .......... .......... .......... .......... 43% 89.2M 0s
 11450K .......... .......... .......... .......... .......... 44% 79.5M 0s
 11500K .......... .......... .......... .......... .......... 44% 57.8M 0s
 11550K .......... .......... .......... .......... .......... 44% 79.1M 0s
 11600K .......... .......... .......... .......... .......... 44% 87.3M 0s
 11650K .......... .......... .......... .......... .......... 44% 84.2M 0s
 11700K .......... .......... .......... .......... .......... 45% 68.3M 0s
 11750K .......... .......... .......... .......... .......... 45% 89.2M 0s
 11800K .......... .......... .......... .......... .......... 45% 77.6M 0s
 11850K .......... .......... .......... .......... .......... 45% 71.8M 0s
 11900K .......... .......... .......... .......... .......... 45% 71.2M 0s
 11950K .......... .......... .......... .......... .......... 46% 84.3M 0s
 12000K .......... .......... .......... .......... .......... 46% 75.5M 0s
 12050K .......... .......... .......... .......... .......... 46% 89.5M 0s
 12100K .......... .......... .......... .......... .......... 46% 79.8M 0s
 12150K .......... .......... .......... .......... .......... 46% 74.9M 0s
 12200K .......... .......... .......... .......... .......... 46% 79.8M 0s
 12250K .......... .......... .......... .......... .......... 47% 75.5M 0s
 12300K .......... .......... .......... .......... .......... 47% 67.3M 0s
 12350K .......... .......... .......... .......... .......... 47% 87.2M 0s
 12400K .......... .......... .......... .......... .......... 47% 89.4M 0s
 12450K .......... .......... .......... .......... .......... 47% 89.0M 0s
 12500K .......... .......... .......... .......... .......... 48% 61.1M 0s
 12550K .......... .......... .......... .......... .......... 48% 87.5M 0s
 12600K .......... .......... .......... .......... .......... 48% 75.7M 0s
 12650K .......... .......... .......... .......... .......... 48% 73.5M 0s
 12700K .......... .......... .......... .......... .......... 48% 76.5M 0s
 12750K .......... .......... .......... .......... .......... 49% 88.4M 0s
 12800K .......... .......... .......... .......... .......... 49% 75.2M 0s
 12850K .......... .......... .......... .......... .......... 49% 85.1M 0s
 12900K .......... .......... .......... .......... .......... 49% 75.8M 0s
 12950K .......... .......... .......... .......... .......... 49% 75.9M 0s
 13000K .......... .......... .......... .......... .......... 50% 88.8M 0s
 13050K .......... .......... .......... .......... .......... 50% 89.0M 0s
 13100K .......... .......... .......... .......... .......... 50% 58.1M 0s
 13150K .......... .......... .......... .......... .......... 50% 90.8M 0s
 13200K .......... .......... .......... .......... .......... 50% 86.7M 0s
 13250K .......... .......... .......... .......... .......... 51% 83.9M 0s
 13300K .......... .......... .......... .......... .......... 51% 68.6M 0s
 13350K .......... .......... .......... .......... .......... 51% 91.2M 0s
 13400K .......... .......... .......... .......... .......... 51% 89.5M 0s
 13450K .......... .......... .......... .......... .......... 51% 74.7M 0s
 13500K .......... .......... .......... .......... .......... 51% 78.7M 0s
 13550K .......... .......... .......... .......... .......... 52% 82.7M 0s
 13600K .......... .......... .......... .......... .......... 52% 75.1M 0s
 13650K .......... .......... .......... .......... .......... 52% 90.0M 0s
 13700K .......... .......... .......... .......... .......... 52% 68.8M 0s
 13750K .......... .......... .......... .......... .......... 52% 75.7M 0s
 13800K .......... .......... .......... .......... .......... 53% 89.3M 0s
 13850K .......... .......... .......... .......... .......... 53% 62.6M 0s
 13900K .......... .......... .......... .......... .......... 53% 67.7M 0s
 13950K .......... .......... .......... .......... .......... 53% 74.2M 0s
 14000K .......... .......... .......... .......... .......... 53% 88.0M 0s
 14050K .......... .......... .......... .......... .......... 54% 90.5M 0s
 14100K .......... .......... .......... .......... .......... 54% 67.9M 0s
 14150K .......... .......... .......... .......... .......... 54% 89.2M 0s
 14200K .......... .......... .......... .......... .......... 54% 86.6M 0s
 14250K .......... .......... .......... .......... .......... 54% 23.3M 0s
 14300K .......... .......... .......... .......... .......... 55% 75.7M 0s
 14350K .......... .......... .......... .......... .......... 55% 89.9M 0s
 14400K .......... .......... .......... .......... .......... 55% 70.2M 0s
 14450K .......... .......... .......... .......... .......... 55% 79.6M 0s
 14500K .......... .......... .......... .......... .......... 55% 71.1M 0s
 14550K .......... .......... .......... .......... .......... 55% 87.3M 0s
 14600K .......... .......... .......... .......... .......... 56% 75.7M 0s
 14650K .......... .......... .......... .......... .......... 56% 90.5M 0s
 14700K .......... .......... .......... .......... .......... 56% 73.3M 0s
 14750K .......... .......... .......... .......... .......... 56% 65.3M 0s
 14800K .......... .......... .......... .......... .......... 56% 80.1M 0s
 14850K .......... .......... .......... .......... .......... 57% 89.2M 0s
 14900K .......... .......... .......... .......... .......... 57% 66.0M 0s
 14950K .......... .......... .......... .......... .......... 57% 90.7M 0s
 15000K .......... .......... .......... .......... .......... 57% 89.8M 0s
 15050K .......... .......... .......... .......... .......... 57%  127M 0s
 15100K .......... .......... .......... .......... .......... 58% 76.4M 0s
 15150K .......... .......... .......... .......... .......... 58% 78.0M 0s
 15200K .......... .......... .......... .......... .......... 58% 75.0M 0s
 15250K .......... .......... .......... .......... .......... 58% 75.6M 0s
 15300K .......... .......... .......... .......... .......... 58% 79.2M 0s
 15350K .......... .......... .......... .......... .......... 59% 76.1M 0s
 15400K .......... .......... .......... .......... .......... 59% 69.9M 0s
 15450K .......... .......... .......... .......... .......... 59%  105M 0s
 15500K .......... .......... .......... .......... .......... 59%  229M 0s
 15550K .......... .......... .......... .......... .......... 59%  277M 0s
 15600K .......... .......... .......... .......... .......... 60%  186M 0s
 15650K .......... .......... .......... .......... .......... 60%  271M 0s
 15700K .......... .......... .......... .......... .......... 60%  256M 0s
 15750K .......... .......... .......... .......... .......... 60%  175M 0s
 15800K .......... .......... .......... .......... .......... 60%  104M 0s
 15850K .......... .......... .......... .......... .......... 60% 89.7M 0s
 15900K .......... .......... .......... .......... .......... 61% 67.1M 0s
 15950K .......... .......... .......... .......... .......... 61% 73.2M 0s
 16000K .......... .......... .......... .......... .......... 61% 88.6M 0s
 16050K .......... .......... .......... .......... .......... 61% 79.3M 0s
 16100K .......... .......... .......... .......... .......... 61% 76.1M 0s
 16150K .......... .......... .......... .......... .......... 62% 76.6M 0s
 16200K .......... .......... .......... .......... .......... 62% 89.4M 0s
 16250K .......... .......... .......... .......... .......... 62% 81.9M 0s
 16300K .......... .......... .......... .......... .......... 62% 65.6M 0s
 16350K .......... .......... .......... .......... .......... 62% 88.7M 0s
 16400K .......... .......... .......... .......... .......... 63% 79.7M 0s
 16450K .......... .......... .......... .......... .......... 63% 73.8M 0s
 16500K .......... .......... .......... .......... .......... 63% 80.5M 0s
 16550K .......... .......... .......... .......... .......... 63% 71.5M 0s
 16600K .......... .......... .......... .......... .......... 63% 82.0M 0s
 16650K .......... .......... .......... .......... .......... 64% 36.1M 0s
 16700K .......... .......... .......... .......... .......... 64% 77.7M 0s
 16750K .......... .......... .......... .......... .......... 64% 57.3M 0s
 16800K .......... .......... .......... .......... .......... 64% 51.7M 0s
 16850K .......... .......... .......... .......... .......... 64% 56.6M 0s
 16900K .......... .......... .......... .......... .......... 65% 57.0M 0s
 16950K .......... .......... .......... .......... .......... 65% 55.7M 0s
 17000K .......... .......... .......... .......... .......... 65% 69.5M 0s
 17050K .......... .......... .......... .......... .......... 65% 84.4M 0s
 17100K .......... .......... .......... .......... .......... 65% 54.9M 0s
 17150K .......... .......... .......... .......... .......... 65% 89.2M 0s
 17200K .......... .......... .......... .......... .......... 66% 90.1M 0s
 17250K .......... .......... .......... .......... .......... 66% 66.9M 0s
 17300K .......... .......... .......... .......... .......... 66% 79.9M 0s
 17350K .......... .......... .......... .......... .......... 66% 66.3M 0s
 17400K .......... .......... .......... .......... .......... 66% 69.8M 0s
 17450K .......... .......... .......... .......... .......... 67% 71.1M 0s
 17500K .......... .......... .......... .......... .......... 67% 71.9M 0s
 17550K .......... .......... .......... .......... .......... 67% 38.9M 0s
 17600K .......... .......... .......... .......... .......... 67% 43.1M 0s
 17650K .......... .......... .......... .......... .......... 67% 73.1M 0s
 17700K .......... .......... .......... .......... .......... 68% 54.6M 0s
 17750K .......... .......... .......... .......... .......... 68% 90.2M 0s
 17800K .......... .......... .......... .......... .......... 68% 76.9M 0s
 17850K .......... .......... .......... .......... .......... 68% 82.9M 0s
 17900K .......... .......... .......... .......... .......... 68% 61.4M 0s
 17950K .......... .......... .......... .......... .......... 69% 58.9M 0s
 18000K .......... .......... .......... .......... .......... 69% 89.4M 0s
 18050K .......... .......... .......... .......... .......... 69% 74.8M 0s
 18100K .......... .......... .......... .......... .......... 69% 60.8M 0s
 18150K .......... .......... .......... .......... .......... 69% 90.8M 0s
 18200K .......... .......... .......... .......... .......... 69% 55.1M 0s
 18250K .......... .......... .......... .......... .......... 70% 90.8M 0s
 18300K .......... .......... .......... .......... .......... 70% 42.5M 0s
 18350K .......... .......... .......... .......... .......... 70% 43.7M 0s
 18400K .......... .......... .......... .......... .......... 70% 77.4M 0s
 18450K .......... .......... .......... .......... .......... 70% 62.6M 0s
 18500K .......... .......... .......... .......... .......... 71% 67.9M 0s
 18550K .......... .......... .......... .......... .......... 71% 77.5M 0s
 18600K .......... .......... .......... .......... .......... 71% 90.4M 0s
 18650K .......... .......... .......... .......... .......... 71% 65.1M 0s
 18700K .......... .......... .......... .......... .......... 71% 62.1M 0s
 18750K .......... .......... .......... .......... .......... 72% 75.5M 0s
 18800K .......... .......... .......... .......... .......... 72% 81.4M 0s
 18850K .......... .......... .......... .......... .......... 72% 68.2M 0s
 18900K .......... .......... .......... .......... .......... 72% 66.1M 0s
 18950K .......... .......... .......... .......... .......... 72% 65.4M 0s
 19000K .......... .......... .......... .......... .......... 73% 67.6M 0s
 19050K .......... .......... .......... .......... .......... 73% 46.8M 0s
 19100K .......... .......... .......... .......... .......... 73% 46.5M 0s
 19150K .......... .......... .......... .......... .......... 73% 55.1M 0s
 19200K .......... .......... .......... .......... .......... 73% 88.4M 0s
 19250K .......... .......... .......... .......... .......... 74% 82.6M 0s
 19300K .......... .......... .......... .......... .......... 74% 67.2M 0s
 19350K .......... .......... .......... .......... .......... 74% 76.2M 0s
 19400K .......... .......... .......... .......... .......... 74% 67.5M 0s
 19450K .......... .......... .......... .......... .......... 74% 42.7M 0s
 19500K .......... .......... .......... .......... .......... 74% 66.1M 0s
 19550K .......... .......... .......... .......... .......... 75% 70.0M 0s
 19600K .......... .......... .......... .......... .......... 75% 88.3M 0s
 19650K .......... .......... .......... .......... .......... 75% 68.9M 0s
 19700K .......... .......... .......... .......... .......... 75% 31.7M 0s
 19750K .......... .......... .......... .......... .......... 75% 72.7M 0s
 19800K .......... .......... .......... .......... .......... 76% 45.4M 0s
 19850K .......... .......... .......... .......... .......... 76% 54.1M 0s
 19900K .......... .......... .......... .......... .......... 76% 65.1M 0s
 19950K .......... .......... .......... .......... .......... 76% 74.6M 0s
 20000K .......... .......... .......... .......... .......... 76% 91.1M 0s
 20050K .......... .......... .......... .......... .......... 77%  185M 0s
 20100K .......... .......... .......... .......... .......... 77%  262M 0s
 20150K .......... .......... .......... .......... .......... 77%  288M 0s
 20200K .......... .......... .......... .......... .......... 77%  188M 0s
 20250K .......... .......... .......... .......... .......... 77%  105M 0s
 20300K .......... .......... .......... .......... .......... 78% 61.1M 0s
 20350K .......... .......... .......... .......... .......... 78% 83.4M 0s
 20400K .......... .......... .......... .......... .......... 78% 78.7M 0s
 20450K .......... .......... .......... .......... .......... 78% 75.1M 0s
 20500K .......... .......... .......... .......... .......... 78% 80.4M 0s
 20550K .......... .......... .......... .......... .......... 79% 72.5M 0s
 20600K .......... .......... .......... .......... .......... 79% 51.3M 0s
 20650K .......... .......... .......... .......... .......... 79% 49.8M 0s
 20700K .......... .......... .......... .......... .......... 79% 48.0M 0s
 20750K .......... .......... .......... .......... .......... 79% 36.8M 0s
 20800K .......... .......... .......... .......... .......... 79% 88.1M 0s
 20850K .......... .......... .......... .......... .......... 80% 68.6M 0s
 20900K .......... .......... .......... .......... .......... 80% 48.5M 0s
 20950K .......... .......... .......... .......... .......... 80% 90.2M 0s
 21000K .......... .......... .......... .......... .......... 80% 75.7M 0s
 21050K .......... .......... .......... .......... .......... 80% 78.4M 0s
 21100K .......... .......... .......... .......... .......... 81% 20.5M 0s
 21150K .......... .......... .......... .......... .......... 81% 79.8M 0s
 21200K .......... .......... .......... .......... .......... 81% 90.1M 0s
 21250K .......... .......... .......... .......... .......... 81% 33.3M 0s
 21300K .......... .......... .......... .......... .......... 81% 60.7M 0s
 21350K .......... .......... .......... .......... .......... 82% 60.3M 0s
 21400K .......... .......... .......... .......... .......... 82% 68.3M 0s
 21450K .......... .......... .......... .......... .......... 82% 54.5M 0s
 21500K .......... .......... .......... .......... .......... 82% 64.1M 0s
 21550K .......... .......... .......... .......... .......... 82% 68.7M 0s
 21600K .......... .......... .......... .......... .......... 83% 59.0M 0s
 21650K .......... .......... .......... .......... .......... 83% 80.1M 0s
 21700K .......... .......... .......... .......... .......... 83% 74.2M 0s
 21750K .......... .......... .......... .......... .......... 83% 76.3M 0s
 21800K .......... .......... .......... .......... .......... 83% 69.0M 0s
 21850K .......... .......... .......... .......... .......... 83% 91.3M 0s
 21900K .......... .......... .......... .......... .......... 84% 50.6M 0s
 21950K .......... .......... .......... .......... .......... 84% 44.0M 0s
 22000K .......... .......... .......... .......... .......... 84% 56.4M 0s
 22050K .......... .......... .......... .......... .......... 84% 67.8M 0s
 22100K .......... .......... .......... .......... .......... 84% 20.2M 0s
 22150K .......... .......... .......... .......... .......... 85% 59.9M 0s
 22200K .......... .......... .......... .......... .......... 85% 65.0M 0s
 22250K .......... .......... .......... .......... .......... 85% 81.4M 0s
 22300K .......... .......... .......... .......... .......... 85% 70.8M 0s
 22350K .......... .......... .......... .......... .......... 85% 77.7M 0s
 22400K .......... .......... .......... .......... .......... 86% 70.9M 0s
 22450K .......... .......... .......... .......... .......... 86% 70.2M 0s
 22500K .......... .......... .......... .......... .......... 86% 50.1M 0s
 22550K .......... .......... .......... .......... .......... 86% 34.8M 0s
 22600K .......... .......... .......... .......... .......... 86% 61.2M 0s
 22650K .......... .......... .......... .......... .......... 87% 54.2M 0s
 22700K .......... .......... .......... .......... .......... 87% 50.1M 0s
 22750K .......... .......... .......... .......... .......... 87% 47.4M 0s
 22800K .......... .......... .......... .......... .......... 87% 64.4M 0s
 22850K .......... .......... .......... .......... .......... 87% 60.8M 0s
 22900K .......... .......... .......... .......... .......... 88% 37.6M 0s
 22950K .......... .......... .......... .......... .......... 88% 24.9M 0s
 23000K .......... .......... .......... .......... .......... 88% 63.2M 0s
 23050K .......... .......... .......... .......... .......... 88% 90.6M 0s
 23100K .......... .......... .......... .......... .......... 88% 32.2M 0s
 23150K .......... .......... .......... .......... .......... 88% 89.3M 0s
 23200K .......... .......... .......... .......... .......... 89% 65.3M 0s
 23250K .......... .......... .......... .......... .......... 89% 41.9M 0s
 23300K .......... .......... .......... .......... .......... 89% 62.7M 0s
 23350K .......... .......... .......... .......... .......... 89%  201M 0s
 23400K .......... .......... .......... .......... .......... 89%  209M 0s
 23450K .......... .......... .......... .......... .......... 90%  277M 0s
 23500K .......... .......... .......... .......... .......... 90%  225M 0s
 23550K .......... .......... .......... .......... .......... 90%  286M 0s
 23600K .......... .......... .......... .......... .......... 90%  282M 0s
 23650K .......... .......... .......... .......... .......... 90%  272M 0s
 23700K .......... .......... .......... .......... .......... 91%  243M 0s
 23750K .......... .......... .......... .......... .......... 91%  282M 0s
 23800K .......... .......... .......... .......... .......... 91%  185M 0s
 23850K .......... .......... .......... .......... .......... 91%  267M 0s
 23900K .......... .......... .......... .......... .......... 91%  242M 0s
 23950K .......... .......... .......... .......... .......... 92%  132M 0s
 24000K .......... .......... .......... .......... .......... 92% 52.2M 0s
 24050K .......... .......... .......... .......... .......... 92%  275M 0s
 24100K .......... .......... .......... .......... .......... 92%  157M 0s
 24150K .......... .......... .......... .......... .......... 92%  273M 0s
 24200K .......... .......... .......... .......... .......... 93%  263M 0s
 24250K .......... .......... .......... .......... .......... 93%  207M 0s
 24300K .......... .......... .......... .......... .......... 93%  222M 0s
 24350K .......... .......... .......... .......... .......... 93%  278M 0s
 24400K .......... .......... .......... .......... .......... 93%  290M 0s
 24450K .......... .......... .......... .......... .......... 93% 76.8M 0s
 24500K .......... .......... .......... .......... .......... 94%  206M 0s
 24550K .......... .......... .......... .......... .......... 94%  282M 0s
 24600K .......... .......... .......... .......... .......... 94%  214M 0s
 24650K .......... .......... .......... .......... .......... 94%  266M 0s
 24700K .......... .......... .......... .......... .......... 94%  174M 0s
 24750K .......... .......... .......... .......... .......... 95%  128M 0s
 24800K .......... .......... .......... .......... .......... 95% 69.3M 0s
 24850K .......... .......... .......... .......... .......... 95% 42.3M 0s
 24900K .......... .......... .......... .......... .......... 95% 37.1M 0s
 24950K .......... .......... .......... .......... .......... 95% 43.5M 0s
 25000K .......... .......... .......... .......... .......... 96% 91.5M 0s
 25050K .......... .......... .......... .......... .......... 96% 43.0M 0s
 25100K .......... .......... .......... .......... .......... 96% 39.6M 0s
 25150K .......... .......... .......... .......... .......... 96% 98.6K 0s
 25200K .......... .......... .......... .......... .......... 96%  260M 0s
 25250K .......... .......... .......... .......... .......... 97%  337M 0s
 25300K .......... .......... .......... .......... .......... 97%  357M 0s
 25350K .......... .......... .......... .......... .......... 97%  400M 0s
 25400K .......... .......... .......... .......... .......... 97%  367M 0s
 25450K .......... .......... .......... .......... .......... 97%  402M 0s
 25500K .......... .......... .......... .......... .......... 97%  289M 0s
 25550K .......... .......... .......... .......... .......... 98%  365M 0s
 25600K .......... .......... .......... .......... .......... 98%  332M 0s
 25650K .......... .......... .......... .......... .......... 98%  366M 0s
 25700K .......... .......... .......... .......... .......... 98%  356M 0s
 25750K .......... .......... .......... .......... .......... 98%  358M 0s
 25800K .......... .......... .......... .......... .......... 99% 36.3M 0s
 25850K .......... .......... .......... .......... .......... 99%  318M 0s
 25900K .......... .......... .......... .......... .......... 99%  219M 0s
 25950K .......... .......... .......... .......... .......... 99%  370M 0s
 26000K .......... .......... .......... .......... .......... 99%  373M 0s
 26050K .......... .......... ..                              100%  326M=0.9s

2024-09-12 21:55:16 (28.2 MB/s) - ‘/tmp/platform-engine.zip’ saved [26698153/26698153]

Archive:  /tmp/platform-engine.zip
  inflating: /opt/elasticbeanstalk/bin/platform-engine  
  inflating: /opt/elasticbeanstalk/bin/publishlogs  
  inflating: /opt/elasticbeanstalk/bin/get-config  
  inflating: /opt/elasticbeanstalk/bin/pkg-repo  
  inflating: /opt/elasticbeanstalk/config/private/aws-eb-command-handler.conf  
  inflating: /opt/elasticbeanstalk/config/private/cfn-hup-wrapper  
  inflating: /opt/elasticbeanstalk/config/private/cfn-hup.conf.template  
  inflating: /opt/elasticbeanstalk/config/private/containercommandsupport/container-defaults.sh  
  inflating: /opt/elasticbeanstalk/config/private/containercommandsupport/leader-test.sh  
  inflating: /opt/elasticbeanstalk/config/private/eb-banner.template  
  inflating: /opt/elasticbeanstalk/config/private/guidlocking/repo.py  
  inflating: /opt/elasticbeanstalk/config/private/healthd/config.yaml.template  
  inflating: /opt/elasticbeanstalk/config/private/healthd/healthd_httpd.conf  
  inflating: /opt/elasticbeanstalk/config/private/healthd/healthd_logformat.conf  
  inflating: /opt/elasticbeanstalk/config/private/healthd/healthd_nginx.conf  
  inflating: /opt/elasticbeanstalk/config/private/healthd/logcleanup-cron.template  
  inflating: /opt/elasticbeanstalk/config/private/healthd/healthddependency  
  inflating: /opt/elasticbeanstalk/config/private/httpd/applicationport.conf.template  
  inflating: /opt/elasticbeanstalk/config/private/httpd/gzip.conf  
  inflating: /opt/elasticbeanstalk/config/private/httpd/staticfilesmapping.conf.template  
  inflating: /opt/elasticbeanstalk/config/private/httpd/httpd.conf.template  
  inflating: /opt/elasticbeanstalk/config/private/logrotate/logrotate-cron.template  
  inflating: /opt/elasticbeanstalk/config/private/logrotate/logrotate.template  
  inflating: /opt/elasticbeanstalk/config/private/logtasks/cron/publishlogs  
  inflating: /opt/elasticbeanstalk/config/private/nginx/applicationport.conf.template  
  inflating: /opt/elasticbeanstalk/config/private/nginx/nginx.conf.template  
  inflating: /opt/elasticbeanstalk/config/private/nginx/staticfilesmapping.conf.template  
  inflating: /opt/elasticbeanstalk/config/private/python/sitecustomize.py  
 extracting: /opt/elasticbeanstalk/config/private/restartcfn.sh  
  inflating: /opt/elasticbeanstalk/config/private/restartcloudwatchagent.sh  
  inflating: /opt/elasticbeanstalk/config/private/rsyslog.conf.template  
  inflating: /opt/elasticbeanstalk/config/private/ruby_common_env  
  inflating: /opt/elasticbeanstalk/config/private/sqsd/default.yaml.template  
  inflating: /opt/elasticbeanstalk/config/private/sqsd/sqsdversion.json  
  inflating: /opt/elasticbeanstalk/config/private/systemd-append.template  
  inflating: /opt/elasticbeanstalk/config/private/aws-eb.target  
  inflating: /opt/elasticbeanstalk/config/private/systemd.template  
  inflating: /opt/elasticbeanstalk/tasks/bundlelogs.d/cfn-system.conf  
 extracting: /opt/elasticbeanstalk/tasks/bundlelogs.d/cloud-init-system.conf  
  inflating: /opt/elasticbeanstalk/tasks/bundlelogs.d/eb-app.conf  
 extracting: /opt/elasticbeanstalk/tasks/bundlelogs.d/eb-hooks.conf  
  inflating: /opt/elasticbeanstalk/tasks/bundlelogs.d/eb-system.conf  
 extracting: /opt/elasticbeanstalk/tasks/bundlelogs.d/rotate.conf  
  inflating: /opt/elasticbeanstalk/tasks/bundlelogs.d/system.conf  
 extracting: /opt/elasticbeanstalk/tasks/publishlogs.d/eb-app.conf  
  inflating: /opt/elasticbeanstalk/tasks/taillogs.d/eb-app.conf  
  inflating: /opt/elasticbeanstalk/tasks/taillogs.d/eb-engine.conf  
[2024-09-12T21:55:19.269Z] Successfully bootstrapped instance.
[2024-09-12T21:55:19.275Z] Sending signal 0 to CFN wait condition https://cloudformation-waitcondition-us-east-2.s3.us-east-2.amazonaws.com/arn%3Aaws%3Acloudformation%3Aus-east-2%3A640168434762%3Astack/awseb-e-j8pht2gwki-stack/9695e3f0-7151-11ef-b46e-0a3e818036cb/969854f0-7151-11ef-b46e-0a3e818036cb/AWSEBInstanceLaunchWaitHandle?X-Amz-Algorithm=AWS4-HMAC-SHA256&X-Amz-Date=20240912T215433Z&X-Amz-SignedHeaders=host&X-Amz-Expires=86399&X-Amz-Credential=AKIAVRFIPK6PEIG2DZWK%2F20240912%2Fus-east-2%2Fs3%2Faws4_request&X-Amz-Signature=aa8b0d0f28003790b8b29b57a1f78dabdb56cb4f683fefdf4c003651417f05fa
CloudFormation signaled successfully with status SUCCESS
[2024-09-12T21:55:19.827Z] Tailing /var/log/eb-commandprocessor.log

******************* eb-commandprocessor taillog *******************
***eb-commandprocessor is not available yet.***
******************* End of taillog *******************


[2024-09-12T21:55:19.831Z] Tailing /var/log/eb-activity.log

******************* eb-activity taillog *******************
***eb-activity is not available yet.***
******************* End of taillog *******************


[2024-09-12T21:55:19.833Z] Tailing /var/log/eb-tools.log

******************* eb-tools taillog *******************
***eb-tools is not available yet.***
******************* End of taillog *******************


[2024-09-12T21:55:19.838Z] Tailing /var/log/eb-version-deployment.log

******************* eb-version-deployment taillog *******************
***eb-version-deployment is not available yet.***
******************* End of taillog *******************


[2024-09-12T21:55:19.841Z] Tailing /var/log/cfn-init.log

******************* cfn-init taillog *******************
2024-09-12 21:55:15,452 [INFO] -----------------------Starting build-----------------------
2024-09-12 21:55:15,460 [INFO] Running configSets: _OnInstanceBoot
2024-09-12 21:55:15,463 [INFO] Running configSet _OnInstanceBoot
2024-09-12 21:55:15,466 [INFO] Running config AWSEBBaseConfig
2024-09-12 21:55:15,707 [INFO] Command clearbackupfiles succeeded
2024-09-12 21:55:15,713 [INFO] Running config AWSEBCfnHupEndpointOverride
2024-09-12 21:55:15,719 [INFO] Command clearbackupfiles succeeded
2024-09-12 21:55:15,720 [INFO] ConfigSets completed
2024-09-12 21:55:15,720 [INFO] -----------------------Build complete-----------------------
******************* End of taillog *******************


[2024-09-12T21:55:19.873Z] Tailing /var/log/cfn-hup.log

******************* cfn-hup taillog *******************
2024-09-12 21:55:19,681 [DEBUG] CloudFormation client initialized with endpoint https://cloudformation.us-east-2.amazonaws.com
2024-09-12 21:55:19,683 [DEBUG] SQS client initialized with endpoint https://sqs.us-east-2.amazonaws.com
2024-09-12 21:55:19,683 [DEBUG] CloudFormation client initialized with endpoint https://cloudformation.us-east-2.amazonaws.com
2024-09-12 21:55:19,683 [DEBUG] Enabled single threading mode.
2024-09-12 21:55:19,683 [DEBUG] Creating /var/lib/cfn-hup/data
2024-09-12 21:55:19,700 [INFO] No umask value specified in config file. Using the default one: 0o22
******************* End of taillog *******************


[2024-09-12T21:55:19.902Z] Completed EB Bootstrapping Script.
+ RESULT=0
+ [[ 0 -ne 0 ]]
+ exit 0
